{
  "stats": {
    "suites": 11,
    "tests": 38,
    "passes": 38,
    "pending": 0,
    "failures": 0,
    "testsRegistered": 38,
    "passPercent": 100,
    "pendingPercent": 0,
    "other": 0,
    "hasOther": false,
    "skipped": 0,
    "hasSkipped": false,
    "start": "2023-12-18T09:14:07.437Z",
    "end": "2023-12-18T09:15:25.202Z",
    "duration": 77765
  },
  "results": [
    {
      "uuid": "47a74218-3a32-4aab-9340-726276ce9fa3",
      "title": "",
      "fullFile": "cypress\\e2e\\API\\login_api.cy.js",
      "file": "cypress\\e2e\\API\\login_api.cy.js",
      "beforeHooks": [],
      "afterHooks": [],
      "tests": [],
      "suites": [
        {
          "uuid": "6df69d04-6424-4f89-9c0e-fac38ae939bc",
          "title": "login page with api",
          "fullFile": "",
          "file": "",
          "beforeHooks": [],
          "afterHooks": [],
          "tests": [
            {
              "title": "login test true",
              "fullTitle": "login page with api login test true",
              "timedOut": null,
              "duration": 485,
              "state": "passed",
              "speed": "fast",
              "pass": true,
              "fail": false,
              "pending": false,
              "context": null,
              "code": "cy.request({\n  method: 'POST',\n  url: 'http://localhost:8081/login',\n  body: {\n    username: 'test2@test.fr',\n    password: 'testtest'\n  }\n}).then(response => {\n  expect(response.status).to.eq(200);\n  expect(response.body).to.have.property('token');\n  authToken = response.body.token;\n});",
              "err": {},
              "uuid": "68a1df69-6751-4581-9021-2a4fb3b2f101",
              "parentUUID": "6df69d04-6424-4f89-9c0e-fac38ae939bc",
              "isHook": false,
              "skipped": false
            },
            {
              "title": "login test false",
              "fullTitle": "login page with api login test false",
              "timedOut": null,
              "duration": 452,
              "state": "passed",
              "speed": "fast",
              "pass": true,
              "fail": false,
              "pending": false,
              "context": null,
              "code": "cy.request({\n  method: 'POST',\n  url: 'http://localhost:8081/login',\n  body: {\n    username: 'test2@test.fr',\n    password: '1234'\n  },\n  failOnStatusCode: false\n}).then(response => {\n  expect(response.status).to.eq(401);\n});",
              "err": {},
              "uuid": "f5417f2b-c54d-495c-8e24-e772512b94b8",
              "parentUUID": "6df69d04-6424-4f89-9c0e-fac38ae939bc",
              "isHook": false,
              "skipped": false
            }
          ],
          "suites": [],
          "passes": [
            "68a1df69-6751-4581-9021-2a4fb3b2f101",
            "f5417f2b-c54d-495c-8e24-e772512b94b8"
          ],
          "failures": [],
          "pending": [],
          "skipped": [],
          "duration": 937,
          "root": false,
          "rootEmpty": false,
          "_timeout": 2000
        }
      ],
      "passes": [],
      "failures": [],
      "pending": [],
      "skipped": [],
      "duration": 0,
      "root": true,
      "rootEmpty": true,
      "_timeout": 2000
    },
    {
      "uuid": "0d507249-4c0b-4b10-80dc-0d6ffdec9294",
      "title": "",
      "fullFile": "cypress\\e2e\\API\\orders_api.cy.js",
      "file": "cypress\\e2e\\API\\orders_api.cy.js",
      "beforeHooks": [],
      "afterHooks": [],
      "tests": [],
      "suites": [
        {
          "uuid": "558a8022-5147-4bd9-90b7-0e6d312c33b5",
          "title": "access to shopping cart with api",
          "fullFile": "",
          "file": "",
          "beforeHooks": [],
          "afterHooks": [],
          "tests": [
            {
              "title": "login test true",
              "fullTitle": "access to shopping cart with api login test true",
              "timedOut": null,
              "duration": 470,
              "state": "passed",
              "speed": "fast",
              "pass": true,
              "fail": false,
              "pending": false,
              "context": null,
              "code": "cy.request({\n  method: 'POST',\n  url: 'http://localhost:8081/login',\n  body: {\n    username: 'test2@test.fr',\n    password: 'testtest'\n  }\n}).then(response => {\n  expect(response.status).to.eq(200);\n  expect(response.body).to.have.property('token');\n  authToken = response.body.token;\n});",
              "err": {},
              "uuid": "1b2c1cb8-9016-48fb-b49b-f1f4df50fd56",
              "parentUUID": "558a8022-5147-4bd9-90b7-0e6d312c33b5",
              "isHook": false,
              "skipped": false
            },
            {
              "title": "unauthorized",
              "fullTitle": "access to shopping cart with api unauthorized",
              "timedOut": null,
              "duration": 87,
              "state": "passed",
              "speed": "fast",
              "pass": true,
              "fail": false,
              "pending": false,
              "context": null,
              "code": "cy.request({\n  method: 'GET',\n  url: 'http://localhost:8081/orders',\n  failOnStatusCode: false\n}).then(response => {\n  expect(response.status).to.eq(401);\n});",
              "err": {},
              "uuid": "89589122-9ab9-4103-b45d-2a9255d8524a",
              "parentUUID": "558a8022-5147-4bd9-90b7-0e6d312c33b5",
              "isHook": false,
              "skipped": false
            },
            {
              "title": "authorized",
              "fullTitle": "access to shopping cart with api authorized",
              "timedOut": null,
              "duration": 129,
              "state": "passed",
              "speed": "fast",
              "pass": true,
              "fail": false,
              "pending": false,
              "context": null,
              "code": "cy.request({\n  method: 'GET',\n  url: 'http://localhost:8081/orders',\n  headers: {\n    Authorization: `Bearer ${authToken}`\n  }\n}).then(response => {\n  expect(response.status).to.eq(200);\n});",
              "err": {},
              "uuid": "835e3c38-417f-4237-9afc-fdbacd659d9d",
              "parentUUID": "558a8022-5147-4bd9-90b7-0e6d312c33b5",
              "isHook": false,
              "skipped": false
            },
            {
              "title": "verify order lines",
              "fullTitle": "access to shopping cart with api verify order lines",
              "timedOut": null,
              "duration": 128,
              "state": "passed",
              "speed": "fast",
              "pass": true,
              "fail": false,
              "pending": false,
              "context": null,
              "code": "cy.request({\n  method: 'GET',\n  url: 'http://localhost:8081/orders',\n  headers: {\n    Authorization: `Bearer ${authToken}`\n  }\n}).then(response => {\n  expect(response.status).to.eq(200);\n  const orderLines = response.body.orderLines;\n  expect(orderLines).length.to.be.greaterThan(0);\n});",
              "err": {},
              "uuid": "9fa1a74d-9b92-4386-94d6-4d780c569be7",
              "parentUUID": "558a8022-5147-4bd9-90b7-0e6d312c33b5",
              "isHook": false,
              "skipped": false
            },
            {
              "title": "view cart products",
              "fullTitle": "access to shopping cart with api view cart products",
              "timedOut": null,
              "duration": 142,
              "state": "passed",
              "speed": "fast",
              "pass": true,
              "fail": false,
              "pending": false,
              "context": null,
              "code": "cy.request({\n  method: 'GET',\n  url: 'http://localhost:8081/orders',\n  headers: {\n    Authorization: `Bearer ${authToken}`\n  }\n}).then(response => {\n  expect(response.status).to.eq(200);\n  response.body.orderLines.forEach(orderLine => {\n    expect(orderLine.product).to.be.an('object');\n  });\n});",
              "err": {},
              "uuid": "30560941-4f06-4024-9da7-e0d83231e887",
              "parentUUID": "558a8022-5147-4bd9-90b7-0e6d312c33b5",
              "isHook": false,
              "skipped": false
            },
            {
              "title": "adding a product with stock to the cart",
              "fullTitle": "access to shopping cart with api adding a product with stock to the cart",
              "timedOut": null,
              "duration": 189,
              "state": "passed",
              "speed": "fast",
              "pass": true,
              "fail": false,
              "pending": false,
              "context": null,
              "code": "cy.request({\n  method: 'PUT',\n  url: 'http://localhost:8081/orders/add',\n  headers: {\n    Authorization: `Bearer ${authToken}`\n  },\n  body: {\n    product: '10',\n    quantity: '1'\n  }\n}).then(response => {\n  expect(response.status).to.eq(200);\n});",
              "err": {},
              "uuid": "cb981325-a66f-48d0-aa9a-28459dc0a430",
              "parentUUID": "558a8022-5147-4bd9-90b7-0e6d312c33b5",
              "isHook": false,
              "skipped": false
            },
            {
              "title": "adding a product without stock to the cart",
              "fullTitle": "access to shopping cart with api adding a product without stock to the cart",
              "timedOut": null,
              "duration": 192,
              "state": "passed",
              "speed": "fast",
              "pass": true,
              "fail": false,
              "pending": false,
              "context": null,
              "code": "cy.request({\n  method: 'PUT',\n  url: 'http://localhost:8081/orders/add',\n  headers: {\n    Authorization: `Bearer ${authToken}`\n  },\n  body: {\n    product: '3',\n    quantity: '1'\n  }\n}).then(response => {\n  expect(response.status).to.eq(200);\n});",
              "err": {},
              "uuid": "0492e3b9-8d82-4240-ae4a-a5260aa43a1a",
              "parentUUID": "558a8022-5147-4bd9-90b7-0e6d312c33b5",
              "isHook": false,
              "skipped": false
            }
          ],
          "suites": [],
          "passes": [
            "1b2c1cb8-9016-48fb-b49b-f1f4df50fd56",
            "89589122-9ab9-4103-b45d-2a9255d8524a",
            "835e3c38-417f-4237-9afc-fdbacd659d9d",
            "9fa1a74d-9b92-4386-94d6-4d780c569be7",
            "30560941-4f06-4024-9da7-e0d83231e887",
            "cb981325-a66f-48d0-aa9a-28459dc0a430",
            "0492e3b9-8d82-4240-ae4a-a5260aa43a1a"
          ],
          "failures": [],
          "pending": [],
          "skipped": [],
          "duration": 1337,
          "root": false,
          "rootEmpty": false,
          "_timeout": 2000
        }
      ],
      "passes": [],
      "failures": [],
      "pending": [],
      "skipped": [],
      "duration": 0,
      "root": true,
      "rootEmpty": true,
      "_timeout": 2000
    },
    {
      "uuid": "1c80e075-616b-48f5-aadf-ca4c780633b4",
      "title": "",
      "fullFile": "cypress\\e2e\\API\\product_api.cy.js",
      "file": "cypress\\e2e\\API\\product_api.cy.js",
      "beforeHooks": [],
      "afterHooks": [],
      "tests": [],
      "suites": [
        {
          "uuid": "b7e24668-5ce0-4477-9896-03ff677412d8",
          "title": "product info ",
          "fullFile": "",
          "file": "",
          "beforeHooks": [],
          "afterHooks": [],
          "tests": [
            {
              "title": "product sheet",
              "fullTitle": "product info  product sheet",
              "timedOut": null,
              "duration": 130,
              "state": "passed",
              "speed": "fast",
              "pass": true,
              "fail": false,
              "pending": false,
              "context": null,
              "code": "cy.request({\n  method: 'GET',\n  url: 'http://localhost:8081/products/3'\n}).then(response => {\n  expect(response.status).to.eq(200);\n  const productSheet = response.body;\n  expect(productSheet.name).to.eq('Sentiments printaniers');\n  expect(productSheet.skin).to.eq('Propre, fraîche');\n  expect(productSheet.aromas).to.eq('Frais et fruité');\n  expect(productSheet.ingredients).to.eq('Framboise, zeste de citron et feuille de menthe');\n  expect(productSheet.description).to.eq('Savon avec une formule douce à base d’huile de framboise, de citron et de menthe qui nettoie les mains efficacement sans les dessécher.');\n  expect(productSheet.price).to.eq(60);\n});",
              "err": {},
              "uuid": "a1fc04ef-b178-4136-a479-b5e9fa8c0743",
              "parentUUID": "b7e24668-5ce0-4477-9896-03ff677412d8",
              "isHook": false,
              "skipped": false
            }
          ],
          "suites": [],
          "passes": [
            "a1fc04ef-b178-4136-a479-b5e9fa8c0743"
          ],
          "failures": [],
          "pending": [],
          "skipped": [],
          "duration": 130,
          "root": false,
          "rootEmpty": false,
          "_timeout": 2000
        }
      ],
      "passes": [],
      "failures": [],
      "pending": [],
      "skipped": [],
      "duration": 0,
      "root": true,
      "rootEmpty": true,
      "_timeout": 2000
    },
    {
      "uuid": "d0bc2401-aa8e-43fa-b243-83a3eb60ca2f",
      "title": "",
      "fullFile": "cypress\\e2e\\API\\reviews_api.cy.js",
      "file": "cypress\\e2e\\API\\reviews_api.cy.js",
      "beforeHooks": [],
      "afterHooks": [],
      "tests": [],
      "suites": [
        {
          "uuid": "9d7262bb-0f43-4615-b957-d4d158f25edc",
          "title": "addind a review",
          "fullFile": "",
          "file": "",
          "beforeHooks": [],
          "afterHooks": [],
          "tests": [
            {
              "title": "login test true",
              "fullTitle": "addind a review login test true",
              "timedOut": null,
              "duration": 474,
              "state": "passed",
              "speed": "fast",
              "pass": true,
              "fail": false,
              "pending": false,
              "context": null,
              "code": "cy.request({\n  method: 'POST',\n  url: 'http://localhost:8081/login',\n  body: {\n    username: 'test2@test.fr',\n    password: 'testtest'\n  }\n}).then(response => {\n  expect(response.status).to.eq(200);\n  expect(response.body).to.have.property('token');\n  authToken = response.body.token;\n});",
              "err": {},
              "uuid": "e57893fb-630e-4bbd-916c-ada2e4fbb96f",
              "parentUUID": "9d7262bb-0f43-4615-b957-d4d158f25edc",
              "isHook": false,
              "skipped": false
            },
            {
              "title": "adding a review",
              "fullTitle": "addind a review adding a review",
              "timedOut": null,
              "duration": 159,
              "state": "passed",
              "speed": "fast",
              "pass": true,
              "fail": false,
              "pending": false,
              "context": null,
              "code": "cy.request({\n  method: 'POST',\n  url: 'http://localhost:8081/reviews',\n  headers: {\n    Authorization: `Bearer ${authToken}`\n  },\n  body: {\n    title: 'Ceci est le titre de mon avis',\n    comment: 'Ceci est un commentaire pour tester les avis',\n    rating: '5'\n  }\n}).then(response => {\n  expect(response.status).to.eq(200);\n});",
              "err": {},
              "uuid": "bc1233d1-04b3-4c59-98fa-51a363ddafdf",
              "parentUUID": "9d7262bb-0f43-4615-b957-d4d158f25edc",
              "isHook": false,
              "skipped": false
            }
          ],
          "suites": [],
          "passes": [
            "e57893fb-630e-4bbd-916c-ada2e4fbb96f",
            "bc1233d1-04b3-4c59-98fa-51a363ddafdf"
          ],
          "failures": [],
          "pending": [],
          "skipped": [],
          "duration": 633,
          "root": false,
          "rootEmpty": false,
          "_timeout": 2000
        }
      ],
      "passes": [],
      "failures": [],
      "pending": [],
      "skipped": [],
      "duration": 0,
      "root": true,
      "rootEmpty": true,
      "_timeout": 2000
    },
    {
      "uuid": "db4c86b7-c5e9-4bae-9207-0200a3c7d236",
      "title": "",
      "fullFile": "cypress\\e2e\\SCENARIO\\cart_1p-1q.cy.js",
      "file": "cypress\\e2e\\SCENARIO\\cart_1p-1q.cy.js",
      "beforeHooks": [],
      "afterHooks": [],
      "tests": [],
      "suites": [
        {
          "uuid": "73b6fb68-cb64-4b06-941d-de0a822738a7",
          "title": "adding a product to the cart",
          "fullFile": "",
          "file": "",
          "beforeHooks": [],
          "afterHooks": [],
          "tests": [
            {
              "title": "login test true",
              "fullTitle": "adding a product to the cart login test true",
              "timedOut": null,
              "duration": 476,
              "state": "passed",
              "speed": "fast",
              "pass": true,
              "fail": false,
              "pending": false,
              "context": null,
              "code": "cy.request({\n  method: 'POST',\n  url: 'http://localhost:8081/login',\n  body: {\n    username: 'test2@test.fr',\n    password: 'testtest'\n  }\n}).then(response => {\n  expect(response.status).to.eq(200);\n  expect(response.body).to.have.property('token');\n  authToken = response.body.token;\n});",
              "err": {},
              "uuid": "179cb012-dffd-4d69-a2f3-1f1a81cff10d",
              "parentUUID": "73b6fb68-cb64-4b06-941d-de0a822738a7",
              "isHook": false,
              "skipped": false
            },
            {
              "title": "verify order lines",
              "fullTitle": "adding a product to the cart verify order lines",
              "timedOut": null,
              "duration": 475,
              "state": "passed",
              "speed": "fast",
              "pass": true,
              "fail": false,
              "pending": false,
              "context": null,
              "code": "cy.request({\n  method: 'GET',\n  url: 'http://localhost:8081/orders',\n  headers: {\n    Authorization: `Bearer ${authToken}`\n  }\n}).then(response => {\n  expect(response.status).to.eq(200);\n  orderLines = response.body.orderLines;\n  orderLines.forEach(line => {\n    cy.request({\n      method: 'DELETE',\n      url: 'http://localhost:8081/orders/' + line.id + '/delete',\n      headers: {\n        Authorization: `Bearer ${authToken}`\n      }\n    });\n  });\n});",
              "err": {},
              "uuid": "7273747d-0b2f-452e-896b-7e15346544d3",
              "parentUUID": "73b6fb68-cb64-4b06-941d-de0a822738a7",
              "isHook": false,
              "skipped": false
            },
            {
              "title": "adding a product to the cart",
              "fullTitle": "adding a product to the cart adding a product to the cart",
              "timedOut": null,
              "duration": 5056,
              "state": "passed",
              "speed": "medium",
              "pass": true,
              "fail": false,
              "pending": false,
              "context": null,
              "code": "(0, _connection.connexion)();\n//On va sur la page des produits pour en sélectionner un\ncy.get('[data-cy=\"nav-link-products\"]').click();\ncy.get('button').eq(2).should('contain', 'Consulter').click();\n//On ajoute au panier une quantité négative     \ncy.get('[data-cy=\"detail-product-quantity\"]').click();\ncy.get('[data-cy=\"detail-product-quantity\"]').clear();\ncy.get('[data-cy=\"detail-product-quantity\"]').type('-1');\ncy.get('[data-cy=\"detail-product-add\"]').click();\n//On va sur le panier, le produit ne doit pas être présent\ncy.get('[data-cy=\"nav-link-cart\"]').click();\ncy.wait(500);\ncy.contains('Poussière de lune').should('not.exist');",
              "err": {},
              "uuid": "ed30f645-b2e6-4c01-863e-4dabb7fe02e8",
              "parentUUID": "73b6fb68-cb64-4b06-941d-de0a822738a7",
              "isHook": false,
              "skipped": false
            }
          ],
          "suites": [],
          "passes": [
            "179cb012-dffd-4d69-a2f3-1f1a81cff10d",
            "7273747d-0b2f-452e-896b-7e15346544d3",
            "ed30f645-b2e6-4c01-863e-4dabb7fe02e8"
          ],
          "failures": [],
          "pending": [],
          "skipped": [],
          "duration": 6007,
          "root": false,
          "rootEmpty": false,
          "_timeout": 2000
        }
      ],
      "passes": [],
      "failures": [],
      "pending": [],
      "skipped": [],
      "duration": 0,
      "root": true,
      "rootEmpty": true,
      "_timeout": 2000
    },
    {
      "uuid": "5a8974d5-52d7-4b90-8ae9-c312954b6272",
      "title": "",
      "fullFile": "cypress\\e2e\\SCENARIO\\cart_1p1q.cy.js",
      "file": "cypress\\e2e\\SCENARIO\\cart_1p1q.cy.js",
      "beforeHooks": [],
      "afterHooks": [],
      "tests": [],
      "suites": [
        {
          "uuid": "af938d33-fcc1-4da6-a773-f2774d2427e9",
          "title": "adding a product to the cart",
          "fullFile": "",
          "file": "",
          "beforeHooks": [],
          "afterHooks": [],
          "tests": [
            {
              "title": "login test true",
              "fullTitle": "adding a product to the cart login test true",
              "timedOut": null,
              "duration": 495,
              "state": "passed",
              "speed": "fast",
              "pass": true,
              "fail": false,
              "pending": false,
              "context": null,
              "code": "cy.request({\n  method: 'POST',\n  url: 'http://localhost:8081/login',\n  body: {\n    username: 'test2@test.fr',\n    password: 'testtest'\n  }\n}).then(response => {\n  expect(response.status).to.eq(200);\n  expect(response.body).to.have.property('token');\n  authToken = response.body.token;\n});",
              "err": {},
              "uuid": "03f2d6e7-19ac-485f-923e-983324284ac1",
              "parentUUID": "af938d33-fcc1-4da6-a773-f2774d2427e9",
              "isHook": false,
              "skipped": false
            },
            {
              "title": "verify order lines",
              "fullTitle": "adding a product to the cart verify order lines",
              "timedOut": null,
              "duration": 112,
              "state": "passed",
              "speed": "fast",
              "pass": true,
              "fail": false,
              "pending": false,
              "context": null,
              "code": "cy.request({\n  method: 'GET',\n  url: 'http://localhost:8081/orders',\n  headers: {\n    Authorization: `Bearer ${authToken}`\n  }\n}).then(response => {\n  expect(response.status).to.eq(200);\n  orderLines = response.body.orderLines;\n  orderLines.forEach(line => {\n    cy.request({\n      method: 'DELETE',\n      url: 'http://localhost:8081/orders/' + line.id + '/delete',\n      headers: {\n        Authorization: `Bearer ${authToken}`\n      }\n    });\n  });\n});",
              "err": {},
              "uuid": "24f1314c-9f69-4b22-9e80-dbd78f69fa2f",
              "parentUUID": "af938d33-fcc1-4da6-a773-f2774d2427e9",
              "isHook": false,
              "skipped": false
            },
            {
              "title": "adding a product to the cart",
              "fullTitle": "adding a product to the cart adding a product to the cart",
              "timedOut": null,
              "duration": 6555,
              "state": "passed",
              "speed": "medium",
              "pass": true,
              "fail": false,
              "pending": false,
              "context": null,
              "code": "(0, _connection.connexion)();\n//On va sur la page des produits pour en sélectionner un\ncy.get('[data-cy=\"nav-link-products\"]').click();\ncy.get('button').eq(2).should('contain', 'Consulter').click();\n//On vérifie la quantité en stock avant ajout au panier\ncy.wait(1000);\ncy.get('[data-cy=\"detail-product-stock\"]').invoke('text').then(qttAvant => {\n  stockAvant = parseInt(qttAvant.split(' ')[0]);\n});\n//On ajoute au panier    \ncy.get('[data-cy=\"detail-product-add\"]').click();\n//On va sur le panier vérifier que le produit a bien été ajouté \ncy.get('[data-cy=\"nav-link-cart\"]').click();\ncy.contains('Vos informations').should('exist');\ncy.contains('Vos informations').should('exist');\ncy.contains('Poussière de lune').should('be.visible');\ncy.get('[data-cy=\"cart-line-quantity\"]').invoke('val').then(qttCart => {\n  stockCart = parseInt(qttCart.split(' ')[0]);\n});\n//On retourne sur la page du produit pour vérifier que la quantité a bien diminué    \ncy.get('[data-cy=\"nav-link-products\"]').click();\ncy.get('button').eq(2).should('contain', 'Consulter').click();\ncy.wait(1000);\ncy.get('[data-cy=\"detail-product-stock\"]').invoke('text').then(qttApres => {\n  stockApres = parseInt(qttApres.split(' ')[0]);\n  expect(stockApres + stockCart).to.equal(stockAvant);\n});",
              "err": {},
              "uuid": "e628ac4f-9bc5-4b60-bd27-8f916baa8390",
              "parentUUID": "af938d33-fcc1-4da6-a773-f2774d2427e9",
              "isHook": false,
              "skipped": false
            },
            {
              "title": "login test true",
              "fullTitle": "adding a product to the cart login test true",
              "timedOut": null,
              "duration": 456,
              "state": "passed",
              "speed": "fast",
              "pass": true,
              "fail": false,
              "pending": false,
              "context": null,
              "code": "cy.request({\n  method: 'POST',\n  url: 'http://localhost:8081/login',\n  body: {\n    username: 'test2@test.fr',\n    password: 'testtest'\n  }\n}).then(response => {\n  expect(response.status).to.eq(200);\n  expect(response.body).to.have.property('token');\n  authToken = response.body.token;\n});",
              "err": {},
              "uuid": "b88cb6ee-b3fd-4fd2-8183-30f7e82e435d",
              "parentUUID": "af938d33-fcc1-4da6-a773-f2774d2427e9",
              "isHook": false,
              "skipped": false
            },
            {
              "title": "verify order lines",
              "fullTitle": "adding a product to the cart verify order lines",
              "timedOut": null,
              "duration": 124,
              "state": "passed",
              "speed": "fast",
              "pass": true,
              "fail": false,
              "pending": false,
              "context": null,
              "code": "cy.request({\n  method: 'GET',\n  url: 'http://localhost:8081/orders',\n  headers: {\n    Authorization: `Bearer ${authToken}`\n  }\n}).then(response => {\n  expect(response.status).to.eq(200);\n  response.body.orderLines.forEach(orderLine => {\n    if (orderLine.product.id === 5) {\n      expect(orderLine.quantity).to.be.equal(1);\n    }\n  });\n});",
              "err": {},
              "uuid": "29debe63-fa1a-42c3-8b47-388907e062ee",
              "parentUUID": "af938d33-fcc1-4da6-a773-f2774d2427e9",
              "isHook": false,
              "skipped": false
            }
          ],
          "suites": [],
          "passes": [
            "03f2d6e7-19ac-485f-923e-983324284ac1",
            "24f1314c-9f69-4b22-9e80-dbd78f69fa2f",
            "e628ac4f-9bc5-4b60-bd27-8f916baa8390",
            "b88cb6ee-b3fd-4fd2-8183-30f7e82e435d",
            "29debe63-fa1a-42c3-8b47-388907e062ee"
          ],
          "failures": [],
          "pending": [],
          "skipped": [],
          "duration": 7742,
          "root": false,
          "rootEmpty": false,
          "_timeout": 2000
        }
      ],
      "passes": [],
      "failures": [],
      "pending": [],
      "skipped": [],
      "duration": 0,
      "root": true,
      "rootEmpty": true,
      "_timeout": 2000
    },
    {
      "uuid": "dd833e1b-cd68-4c0b-8353-094bb6c470d9",
      "title": "",
      "fullFile": "cypress\\e2e\\SCENARIO\\cart_1p4q.cy.js",
      "file": "cypress\\e2e\\SCENARIO\\cart_1p4q.cy.js",
      "beforeHooks": [],
      "afterHooks": [],
      "tests": [],
      "suites": [
        {
          "uuid": "2b629036-740f-4629-b681-947486e60939",
          "title": "adding a product to the cart",
          "fullFile": "",
          "file": "",
          "beforeHooks": [],
          "afterHooks": [],
          "tests": [
            {
              "title": "login test true",
              "fullTitle": "adding a product to the cart login test true",
              "timedOut": null,
              "duration": 484,
              "state": "passed",
              "speed": "fast",
              "pass": true,
              "fail": false,
              "pending": false,
              "context": null,
              "code": "cy.request({\n  method: 'POST',\n  url: 'http://localhost:8081/login',\n  body: {\n    username: 'test2@test.fr',\n    password: 'testtest'\n  }\n}).then(response => {\n  expect(response.status).to.eq(200);\n  expect(response.body).to.have.property('token');\n  authToken = response.body.token;\n});",
              "err": {},
              "uuid": "8fcc6d53-5538-4c05-8309-5b08f10fcba7",
              "parentUUID": "2b629036-740f-4629-b681-947486e60939",
              "isHook": false,
              "skipped": false
            },
            {
              "title": "verify order lines",
              "fullTitle": "adding a product to the cart verify order lines",
              "timedOut": null,
              "duration": 256,
              "state": "passed",
              "speed": "fast",
              "pass": true,
              "fail": false,
              "pending": false,
              "context": null,
              "code": "cy.request({\n  method: 'GET',\n  url: 'http://localhost:8081/orders',\n  headers: {\n    Authorization: `Bearer ${authToken}`\n  }\n}).then(response => {\n  expect(response.status).to.eq(200);\n  orderLines = response.body.orderLines;\n  orderLines.forEach(line => {\n    cy.request({\n      method: 'DELETE',\n      url: 'http://localhost:8081/orders/' + line.id + '/delete',\n      headers: {\n        Authorization: `Bearer ${authToken}`\n      }\n    });\n  });\n});",
              "err": {},
              "uuid": "26d4a790-f4de-4c49-ac90-39e5dcd3da2a",
              "parentUUID": "2b629036-740f-4629-b681-947486e60939",
              "isHook": false,
              "skipped": false
            },
            {
              "title": "adding a product to the cart",
              "fullTitle": "adding a product to the cart adding a product to the cart",
              "timedOut": null,
              "duration": 6347,
              "state": "passed",
              "speed": "medium",
              "pass": true,
              "fail": false,
              "pending": false,
              "context": null,
              "code": "(0, _connection.connexion)();\n//On va sur la page des produits pour en sélectionner un\ncy.get('[data-cy=\"nav-link-products\"]').click();\ncy.get('button').eq(2).should('contain', 'Consulter').click();\n//On vérifie la quantité en stock avant ajout au panier\ncy.wait(1000);\ncy.get('[data-cy=\"detail-product-stock\"]').invoke('text').then(qttAvant => {\n  stockAvant = parseInt(qttAvant.split(' ')[0]);\n});\n//On ajoute au panier plusieurs quantités d'un même produit  \ncy.get('[data-cy=\"detail-product-quantity\"]').click();\ncy.get('[data-cy=\"detail-product-quantity\"]').clear();\ncy.get('[data-cy=\"detail-product-quantity\"]').type('4');\ncy.get('[data-cy=\"detail-product-add\"]').click();\n//On va sur le panier vérifier que le produit a bien été ajouté \ncy.get('[data-cy=\"nav-link-cart\"]').click();\ncy.contains('Vos informations').should('exist');\ncy.contains('Poussière de lune').should('be.visible');\ncy.get('[data-cy=\"cart-line-quantity\"]').invoke('val').then(qttCart => {\n  stockCart = parseInt(qttCart.split(' ')[0]);\n});\n//On retourne sur la page du produit pour vérifier que la quantité a bien diminué    \ncy.get('[data-cy=\"nav-link-products\"]').click();\ncy.get('button').eq(2).should('contain', 'Consulter').click();\ncy.wait(1000);\ncy.get('[data-cy=\"detail-product-stock\"]').invoke('text').then(qttApres => {\n  stockApres = parseInt(qttApres.split(' ')[0]);\n  expect(stockApres + stockCart).to.equal(stockAvant);\n});",
              "err": {},
              "uuid": "3d51f059-57e3-4fda-9f2f-ae1a79bf8947",
              "parentUUID": "2b629036-740f-4629-b681-947486e60939",
              "isHook": false,
              "skipped": false
            },
            {
              "title": "login test true",
              "fullTitle": "adding a product to the cart login test true",
              "timedOut": null,
              "duration": 458,
              "state": "passed",
              "speed": "fast",
              "pass": true,
              "fail": false,
              "pending": false,
              "context": null,
              "code": "cy.request({\n  method: 'POST',\n  url: 'http://localhost:8081/login',\n  body: {\n    username: 'test2@test.fr',\n    password: 'testtest'\n  }\n}).then(response => {\n  expect(response.status).to.eq(200);\n  expect(response.body).to.have.property('token');\n  authToken = response.body.token;\n});",
              "err": {},
              "uuid": "68ff9049-cee0-448a-9c3e-315f71f5f587",
              "parentUUID": "2b629036-740f-4629-b681-947486e60939",
              "isHook": false,
              "skipped": false
            },
            {
              "title": "verify order lines",
              "fullTitle": "adding a product to the cart verify order lines",
              "timedOut": null,
              "duration": 139,
              "state": "passed",
              "speed": "fast",
              "pass": true,
              "fail": false,
              "pending": false,
              "context": null,
              "code": "cy.request({\n  method: 'GET',\n  url: 'http://localhost:8081/orders',\n  headers: {\n    Authorization: `Bearer ${authToken}`\n  }\n}).then(response => {\n  expect(response.status).to.eq(200);\n  response.body.orderLines.forEach(orderLine => {\n    if (orderLine.product.id === 5) {\n      expect(orderLine.quantity).to.be.equal(4);\n    }\n  });\n});",
              "err": {},
              "uuid": "83e8e119-3d39-45c0-8be8-54d6e230f223",
              "parentUUID": "2b629036-740f-4629-b681-947486e60939",
              "isHook": false,
              "skipped": false
            }
          ],
          "suites": [],
          "passes": [
            "8fcc6d53-5538-4c05-8309-5b08f10fcba7",
            "26d4a790-f4de-4c49-ac90-39e5dcd3da2a",
            "3d51f059-57e3-4fda-9f2f-ae1a79bf8947",
            "68ff9049-cee0-448a-9c3e-315f71f5f587",
            "83e8e119-3d39-45c0-8be8-54d6e230f223"
          ],
          "failures": [],
          "pending": [],
          "skipped": [],
          "duration": 7684,
          "root": false,
          "rootEmpty": false,
          "_timeout": 2000
        }
      ],
      "passes": [],
      "failures": [],
      "pending": [],
      "skipped": [],
      "duration": 0,
      "root": true,
      "rootEmpty": true,
      "_timeout": 2000
    },
    {
      "uuid": "2eb53250-fd2e-4e1a-b5ca-898d09476e38",
      "title": "",
      "fullFile": "cypress\\e2e\\SCENARIO\\cart_2p22q.cy.js",
      "file": "cypress\\e2e\\SCENARIO\\cart_2p22q.cy.js",
      "beforeHooks": [],
      "afterHooks": [],
      "tests": [],
      "suites": [
        {
          "uuid": "5c8975b7-c6b7-4c3f-b0a4-564c5ce05546",
          "title": "adding a product to the cart",
          "fullFile": "",
          "file": "",
          "beforeHooks": [],
          "afterHooks": [],
          "tests": [
            {
              "title": "login test true",
              "fullTitle": "adding a product to the cart login test true",
              "timedOut": null,
              "duration": 470,
              "state": "passed",
              "speed": "fast",
              "pass": true,
              "fail": false,
              "pending": false,
              "context": null,
              "code": "cy.request({\n  method: 'POST',\n  url: 'http://localhost:8081/login',\n  body: {\n    username: 'test2@test.fr',\n    password: 'testtest'\n  }\n}).then(response => {\n  expect(response.status).to.eq(200);\n  expect(response.body).to.have.property('token');\n  authToken = response.body.token;\n});",
              "err": {},
              "uuid": "8bd68a3f-6269-47c8-8465-b23a15d417b0",
              "parentUUID": "5c8975b7-c6b7-4c3f-b0a4-564c5ce05546",
              "isHook": false,
              "skipped": false
            },
            {
              "title": "verify order lines",
              "fullTitle": "adding a product to the cart verify order lines",
              "timedOut": null,
              "duration": 259,
              "state": "passed",
              "speed": "fast",
              "pass": true,
              "fail": false,
              "pending": false,
              "context": null,
              "code": "cy.request({\n  method: 'GET',\n  url: 'http://localhost:8081/orders',\n  headers: {\n    Authorization: `Bearer ${authToken}`\n  }\n}).then(response => {\n  expect(response.status).to.eq(200);\n  orderLines = response.body.orderLines;\n  orderLines.forEach(line => {\n    cy.request({\n      method: 'DELETE',\n      url: 'http://localhost:8081/orders/' + line.id + '/delete',\n      headers: {\n        Authorization: `Bearer ${authToken}`\n      }\n    });\n  });\n});",
              "err": {},
              "uuid": "fdadec08-f438-4e74-b731-62e8bd746fc1",
              "parentUUID": "5c8975b7-c6b7-4c3f-b0a4-564c5ce05546",
              "isHook": false,
              "skipped": false
            },
            {
              "title": "adding a product to the cart",
              "fullTitle": "adding a product to the cart adding a product to the cart",
              "timedOut": null,
              "duration": 4284,
              "state": "passed",
              "speed": "fast",
              "pass": true,
              "fail": false,
              "pending": false,
              "context": null,
              "code": "(0, _connection.connexion)();\n//On va sur la page des produits pour sélectionner le premier\ncy.get('[data-cy=\"nav-link-products\"]').click();\ncy.get('button').eq(0).should('contain', 'Consulter').click();\n//On ajoute au panier plusieurs quantités d'un même produit  \ncy.get('[data-cy=\"detail-product-quantity\"]').click();\ncy.get('[data-cy=\"detail-product-quantity\"]').clear();\ncy.get('[data-cy=\"detail-product-quantity\"]').type('22');\ncy.get('[data-cy=\"detail-product-add\"]').click();\n//On va sur le panier vérifier que le produit a bien été ajouté \ncy.get('[data-cy=\"nav-link-cart\"]').click();\ncy.contains('Vos informations').should('exist');\ncy.contains('Sentiments printaniers').should('be.visible');\ncy.get('input').eq(0).invoke('val').then(qttCart1 => {\n  stockCart1 = parseInt(qttCart1.split(' ')[0]);\n  cy.wrap(stockCart1).should('eq', 22);\n});\n//On va sur la page des produits pour sélectionner le second\ncy.get('[data-cy=\"nav-link-products\"]').click();\ncy.get('button').eq(4).should('contain', 'Consulter').click();\n//On ajoute au panier plusieurs quantités d'un même produit\ncy.get('[data-cy=\"detail-product-quantity\"]').click();\ncy.get('[data-cy=\"detail-product-quantity\"]').clear();\ncy.get('[data-cy=\"detail-product-quantity\"]').type('22');\ncy.get('[data-cy=\"detail-product-add\"]').click();\n//On va sur le panier vérifier que le produit a bien été ajouté \ncy.get('[data-cy=\"nav-link-cart\"]').click();\ncy.contains('Vos informations').should('exist');\ncy.contains('Extrait de nature').should('be.visible');\ncy.get('input').eq(1).invoke('val').then(qttCart2 => {\n  stockCart2 = parseInt(qttCart2.split(' ')[0]);\n  cy.wrap(stockCart2).should('eq', 22);\n});",
              "err": {},
              "uuid": "aae463dd-444d-4145-b899-c3b8559bdb4f",
              "parentUUID": "5c8975b7-c6b7-4c3f-b0a4-564c5ce05546",
              "isHook": false,
              "skipped": false
            }
          ],
          "suites": [],
          "passes": [
            "8bd68a3f-6269-47c8-8465-b23a15d417b0",
            "fdadec08-f438-4e74-b731-62e8bd746fc1",
            "aae463dd-444d-4145-b899-c3b8559bdb4f"
          ],
          "failures": [],
          "pending": [],
          "skipped": [],
          "duration": 5013,
          "root": false,
          "rootEmpty": false,
          "_timeout": 2000
        }
      ],
      "passes": [],
      "failures": [],
      "pending": [],
      "skipped": [],
      "duration": 0,
      "root": true,
      "rootEmpty": true,
      "_timeout": 2000
    },
    {
      "uuid": "8a0caa35-42b9-4a97-ba4e-a2211dfeb35d",
      "title": "",
      "fullFile": "cypress\\e2e\\SCENARIO\\cart_2p2q.cy.js",
      "file": "cypress\\e2e\\SCENARIO\\cart_2p2q.cy.js",
      "beforeHooks": [],
      "afterHooks": [],
      "tests": [],
      "suites": [
        {
          "uuid": "91dde1a1-a301-4af5-a2b9-1b9e4a3bf0a9",
          "title": "adding a product to the cart",
          "fullFile": "",
          "file": "",
          "beforeHooks": [],
          "afterHooks": [],
          "tests": [
            {
              "title": "login test true",
              "fullTitle": "adding a product to the cart login test true",
              "timedOut": null,
              "duration": 497,
              "state": "passed",
              "speed": "fast",
              "pass": true,
              "fail": false,
              "pending": false,
              "context": null,
              "code": "cy.request({\n  method: 'POST',\n  url: 'http://localhost:8081/login',\n  body: {\n    username: 'test2@test.fr',\n    password: 'testtest'\n  }\n}).then(response => {\n  expect(response.status).to.eq(200);\n  expect(response.body).to.have.property('token');\n  authToken = response.body.token;\n});",
              "err": {},
              "uuid": "b7fce49c-9e97-41dd-95ae-115d709804bc",
              "parentUUID": "91dde1a1-a301-4af5-a2b9-1b9e4a3bf0a9",
              "isHook": false,
              "skipped": false
            },
            {
              "title": "verify order lines",
              "fullTitle": "adding a product to the cart verify order lines",
              "timedOut": null,
              "duration": 376,
              "state": "passed",
              "speed": "fast",
              "pass": true,
              "fail": false,
              "pending": false,
              "context": null,
              "code": "cy.request({\n  method: 'GET',\n  url: 'http://localhost:8081/orders',\n  headers: {\n    Authorization: `Bearer ${authToken}`\n  }\n}).then(response => {\n  expect(response.status).to.eq(200);\n  orderLines = response.body.orderLines;\n  orderLines.forEach(line => {\n    cy.request({\n      method: 'DELETE',\n      url: 'http://localhost:8081/orders/' + line.id + '/delete',\n      headers: {\n        Authorization: `Bearer ${authToken}`\n      }\n    });\n  });\n});",
              "err": {},
              "uuid": "e5d5e7f1-738a-4e3a-8683-9bbee7020e22",
              "parentUUID": "91dde1a1-a301-4af5-a2b9-1b9e4a3bf0a9",
              "isHook": false,
              "skipped": false
            },
            {
              "title": "adding a product to the cart",
              "fullTitle": "adding a product to the cart adding a product to the cart",
              "timedOut": null,
              "duration": 10339,
              "state": "passed",
              "speed": "slow",
              "pass": true,
              "fail": false,
              "pending": false,
              "context": null,
              "code": "(0, _connection.connexion)();\n//On va sur la page des produits pour sélectionner le premier\ncy.get('[data-cy=\"nav-link-products\"]').click();\ncy.get('button').eq(7).should('contain', 'Consulter').click();\n//On vérifie la quantité en stock avant ajout au panier\ncy.wait(1000);\ncy.get('[data-cy=\"detail-product-stock\"]').invoke('text').then(qttAvant1 => {\n  stockAvant1 = parseInt(qttAvant1.split(' ')[0]);\n});\n//On ajoute au panier plusieurs quantités d'un même produit  \ncy.get('[data-cy=\"detail-product-quantity\"]').click();\ncy.get('[data-cy=\"detail-product-quantity\"]').clear();\ncy.get('[data-cy=\"detail-product-quantity\"]').type('2');\ncy.get('[data-cy=\"detail-product-add\"]').click();\n//On va sur le panier vérifier que le produit a bien été ajouté \ncy.get('[data-cy=\"nav-link-cart\"]').click();\ncy.contains('Vos informations').should('exist');\ncy.contains('Aurore boréale').should('be.visible');\ncy.get('input').eq(0).invoke('val').then(qttCart1 => {\n  stockCart1 = parseInt(qttCart1.split(' ')[0]);\n});\n//On retourne sur la page du produit pour vérifier que la quantité a bien diminué    \ncy.get('[data-cy=\"nav-link-products\"]').click();\ncy.get('button').eq(7).should('contain', \"Consulter\").click();\ncy.wait(1000);\ncy.get('[data-cy=\"detail-product-stock\"]').invoke('text').then(qttApres1 => {\n  stockApres1 = parseInt(qttApres1.split(' ')[0]);\n  expect(stockApres1 + stockCart1).to.equal(stockAvant1);\n});\n//On va sur la page des produits pour sélectionner le second\ncy.get('[data-cy=\"nav-link-products\"]').click();\ncy.get('button').eq(4).should('contain', 'Consulter').click();\n//On vérifie la quantité en stock avant ajout au panier\ncy.wait(1000);\ncy.get('[data-cy=\"detail-product-stock\"]').invoke('text').then(qttAvant2 => {\n  stockAvant2 = parseInt(qttAvant2.split(' ')[0]);\n});\n//On ajoute au panier plusieurs quantités d'un même produit\ncy.get('[data-cy=\"detail-product-quantity\"]').click();\ncy.get('[data-cy=\"detail-product-quantity\"]').clear();\ncy.get('[data-cy=\"detail-product-quantity\"]').type('2');\ncy.get('[data-cy=\"detail-product-add\"]').click();\n//On va sur le panier vérifier que le produit a bien été ajouté \ncy.get('[data-cy=\"nav-link-cart\"]').click();\ncy.contains('Vos informations').should('exist');\ncy.contains('Extrait de nature').should('be.visible');\ncy.get('input').eq(1).invoke('val').then(qttCart2 => {\n  stockCart2 = parseInt(qttCart2.split(' ')[0]);\n});\n//On retourne sur la page du produit pour vérifier que la quantité a bien diminué    \ncy.get('[data-cy=\"nav-link-products\"]').click();\ncy.get('button').eq(4).should('contain', \"Consulter\").click();\ncy.wait(1000);\ncy.get('[data-cy=\"detail-product-stock\"]').invoke('text').then(qttApres2 => {\n  stockApres2 = parseInt(qttApres2.split(' ')[0]);\n  expect(stockApres2 + stockCart2).to.equal(stockAvant2);\n});",
              "err": {},
              "uuid": "c9386337-e74a-462f-a8fc-0af09b492c96",
              "parentUUID": "91dde1a1-a301-4af5-a2b9-1b9e4a3bf0a9",
              "isHook": false,
              "skipped": false
            },
            {
              "title": "login test true",
              "fullTitle": "adding a product to the cart login test true",
              "timedOut": null,
              "duration": 479,
              "state": "passed",
              "speed": "fast",
              "pass": true,
              "fail": false,
              "pending": false,
              "context": null,
              "code": "cy.request({\n  method: 'POST',\n  url: 'http://localhost:8081/login',\n  body: {\n    username: 'test2@test.fr',\n    password: 'testtest'\n  }\n}).then(response => {\n  expect(response.status).to.eq(200);\n  expect(response.body).to.have.property('token');\n  authToken = response.body.token;\n});",
              "err": {},
              "uuid": "91ed6b93-6c75-403a-9356-f05108f6d966",
              "parentUUID": "91dde1a1-a301-4af5-a2b9-1b9e4a3bf0a9",
              "isHook": false,
              "skipped": false
            },
            {
              "title": "verify order lines",
              "fullTitle": "adding a product to the cart verify order lines",
              "timedOut": null,
              "duration": 127,
              "state": "passed",
              "speed": "fast",
              "pass": true,
              "fail": false,
              "pending": false,
              "context": null,
              "code": "cy.request({\n  method: 'GET',\n  url: 'http://localhost:8081/orders',\n  headers: {\n    Authorization: `Bearer ${authToken}`\n  }\n}).then(response => {\n  expect(response.status).to.eq(200);\n  response.body.orderLines.forEach(orderLine => {\n    if (orderLine.product.id === 10) {\n      expect(orderLine.quantity).to.be.equal(2);\n    }\n    if (orderLine.product.id === 7) {\n      expect(orderLine.quantity).to.be.equal(2);\n    }\n  });\n});",
              "err": {},
              "uuid": "f8c2dd06-cb99-4a49-80b3-4c3572bfdfe0",
              "parentUUID": "91dde1a1-a301-4af5-a2b9-1b9e4a3bf0a9",
              "isHook": false,
              "skipped": false
            }
          ],
          "suites": [],
          "passes": [
            "b7fce49c-9e97-41dd-95ae-115d709804bc",
            "e5d5e7f1-738a-4e3a-8683-9bbee7020e22",
            "c9386337-e74a-462f-a8fc-0af09b492c96",
            "91ed6b93-6c75-403a-9356-f05108f6d966",
            "f8c2dd06-cb99-4a49-80b3-4c3572bfdfe0"
          ],
          "failures": [],
          "pending": [],
          "skipped": [],
          "duration": 11818,
          "root": false,
          "rootEmpty": false,
          "_timeout": 2000
        }
      ],
      "passes": [],
      "failures": [],
      "pending": [],
      "skipped": [],
      "duration": 0,
      "root": true,
      "rootEmpty": true,
      "_timeout": 2000
    },
    {
      "uuid": "91b0e3f0-67e8-4918-a4be-456530128e7e",
      "title": "",
      "fullFile": "cypress\\e2e\\SCENARIO\\login_page.cy.js",
      "file": "cypress\\e2e\\SCENARIO\\login_page.cy.js",
      "beforeHooks": [],
      "afterHooks": [],
      "tests": [],
      "suites": [
        {
          "uuid": "37682cc3-3d19-4aa2-93fc-f7e3f7d4d82e",
          "title": "login page ",
          "fullFile": "",
          "file": "",
          "beforeHooks": [],
          "afterHooks": [],
          "tests": [
            {
              "title": "password error should be visible",
              "fullTitle": "login page  password error should be visible",
              "timedOut": null,
              "duration": 4154,
              "state": "passed",
              "speed": "fast",
              "pass": true,
              "fail": false,
              "pending": false,
              "context": null,
              "code": "cy.visit('http://localhost:8080/#/');\ncy.get('[data-cy=\"nav-link-login\"]').click();\ncy.get('[data-cy=\"login-input-username\"]').type('test2@test.fr');\ncy.get('[data-cy=\"login-input-password\"]').type('1234');\ncy.get('[data-cy=\"login-submit\"]').click();\ncy.contains('Identifiants incorrects').should('be.visible');",
              "err": {},
              "uuid": "06c9a088-20cf-44f8-b2f4-ca0b502afd9a",
              "parentUUID": "37682cc3-3d19-4aa2-93fc-f7e3f7d4d82e",
              "isHook": false,
              "skipped": false
            },
            {
              "title": "the empty fields error should be visible",
              "fullTitle": "login page  the empty fields error should be visible",
              "timedOut": null,
              "duration": 325,
              "state": "passed",
              "speed": "fast",
              "pass": true,
              "fail": false,
              "pending": false,
              "context": null,
              "code": "cy.visit('http://localhost:8080/#/');\ncy.get('[data-cy=\"nav-link-login\"]').click();\ncy.get('[data-cy=\"login-submit\"]').click();\ncy.contains('Merci de remplir correctement tous les champs').should('be.visible');",
              "err": {},
              "uuid": "24a01988-789a-469b-9eba-aa96d870a872",
              "parentUUID": "37682cc3-3d19-4aa2-93fc-f7e3f7d4d82e",
              "isHook": false,
              "skipped": false
            },
            {
              "title": "correct username and password",
              "fullTitle": "login page  correct username and password",
              "timedOut": null,
              "duration": 1587,
              "state": "passed",
              "speed": "fast",
              "pass": true,
              "fail": false,
              "pending": false,
              "context": null,
              "code": "cy.visit('http://localhost:8080/#/');\ncy.get('[data-cy=\"nav-link-login\"]').click();\ncy.get('[data-cy=\"login-input-username\"]').type('test2@test.fr');\ncy.get('[data-cy=\"login-input-password\"]').type('testtest');\ncy.get('[data-cy=\"login-submit\"]').click();\ncy.contains('Mon panier').should('be.visible');",
              "err": {},
              "uuid": "25385a1b-801f-4bf9-8c1b-eb3f69295178",
              "parentUUID": "37682cc3-3d19-4aa2-93fc-f7e3f7d4d82e",
              "isHook": false,
              "skipped": false
            }
          ],
          "suites": [],
          "passes": [
            "06c9a088-20cf-44f8-b2f4-ca0b502afd9a",
            "24a01988-789a-469b-9eba-aa96d870a872",
            "25385a1b-801f-4bf9-8c1b-eb3f69295178"
          ],
          "failures": [],
          "pending": [],
          "skipped": [],
          "duration": 6066,
          "root": false,
          "rootEmpty": false,
          "_timeout": 2000
        }
      ],
      "passes": [],
      "failures": [],
      "pending": [],
      "skipped": [],
      "duration": 0,
      "root": true,
      "rootEmpty": true,
      "_timeout": 2000
    },
    {
      "uuid": "01a13f7e-a9a0-49a9-8e19-8a777a05fdcb",
      "title": "",
      "fullFile": "cypress\\e2e\\SCENARIO\\smoke_test.cy.js",
      "file": "cypress\\e2e\\SCENARIO\\smoke_test.cy.js",
      "beforeHooks": [],
      "afterHooks": [],
      "tests": [],
      "suites": [
        {
          "uuid": "bfb5e61f-b8da-4027-8745-4f6589f3d553",
          "title": "smoke test",
          "fullFile": "",
          "file": "",
          "beforeHooks": [],
          "afterHooks": [],
          "tests": [
            {
              "title": "check the presence of fields and connection button",
              "fullTitle": "smoke test check the presence of fields and connection button",
              "timedOut": null,
              "duration": 1776,
              "state": "passed",
              "speed": "fast",
              "pass": true,
              "fail": false,
              "pending": false,
              "context": null,
              "code": "//On va sur le site et on clique sur l'onglet connexion\ncy.visit('http://localhost:8080/#/');\ncy.get('[data-cy=\"nav-link-login\"]').click();\ncy.get('[data-cy=\"login-input-username\"]').should('exist');\ncy.get('[data-cy=\"login-input-password\"]').should('exist');\ncy.get('[data-cy=\"login-submit\"]').should('exist');",
              "err": {},
              "uuid": "9d68adcb-07d7-42a5-9c46-883ad37561a2",
              "parentUUID": "bfb5e61f-b8da-4027-8745-4f6589f3d553",
              "isHook": false,
              "skipped": false
            },
            {
              "title": "check the presence of add to cart and availability",
              "fullTitle": "smoke test check the presence of add to cart and availability",
              "timedOut": null,
              "duration": 2109,
              "state": "passed",
              "speed": "fast",
              "pass": true,
              "fail": false,
              "pending": false,
              "context": null,
              "code": "//On va sur le site et on se connecte en tant que client pour avoir accès au panier\ncy.visit('http://localhost:8080/#/');\ncy.get('[data-cy=\"nav-link-login\"]').click();\ncy.get('[data-cy=\"login-input-username\"]').type('test2@test.fr');\ncy.get('[data-cy=\"login-input-password\"]').type('testtest');\ncy.get('[data-cy=\"login-submit\"]').click();\ncy.contains('Mon panier').should('be.visible');\n//On va sur la page des produits pour en sélectionner un\ncy.get('[data-cy=\"nav-link-products\"]').click();\ncy.get('button').eq(1).should('contain', 'Consulter').click();\n//On vérifie la présence du bouton ajout au panier et la disponibilité\ncy.get('[data-cy=\"detail-product-add\"]').should('exist');\ncy.get('[data-cy=\"detail-product-stock\"]').should('exist');",
              "err": {},
              "uuid": "4359bb05-9969-45f7-bf17-206f3ea02357",
              "parentUUID": "bfb5e61f-b8da-4027-8745-4f6589f3d553",
              "isHook": false,
              "skipped": false
            }
          ],
          "suites": [],
          "passes": [
            "9d68adcb-07d7-42a5-9c46-883ad37561a2",
            "4359bb05-9969-45f7-bf17-206f3ea02357"
          ],
          "failures": [],
          "pending": [],
          "skipped": [],
          "duration": 3885,
          "root": false,
          "rootEmpty": false,
          "_timeout": 2000
        }
      ],
      "passes": [],
      "failures": [],
      "pending": [],
      "skipped": [],
      "duration": 0,
      "root": true,
      "rootEmpty": true,
      "_timeout": 2000
    }
  ],
  "meta": {
    "mocha": {
      "version": "7.0.1"
    },
    "mochawesome": {
      "options": {
        "quiet": false,
        "reportFilename": "mochawesome",
        "saveHtml": false,
        "saveJson": true,
        "consoleReporter": "spec",
        "useInlineDiffs": false,
        "code": true
      },
      "version": "7.1.3"
    },
    "marge": {
      "options": {
        "reportDir": "cypress/report/mochawesome-report",
        "overwrite": false,
        "html": false,
        "json": true,
        "charts": true
      },
      "version": "6.2.0"
    }
  }
}