{
  "stats": {
    "suites": 1,
    "tests": 7,
    "passes": 7,
    "pending": 0,
    "failures": 0,
    "start": "2024-02-16T21:37:13.260Z",
    "end": "2024-02-16T21:37:17.350Z",
    "duration": 4090,
    "testsRegistered": 7,
    "passPercent": 100,
    "pendingPercent": 0,
    "other": 0,
    "hasOther": false,
    "skipped": 0,
    "hasSkipped": false
  },
  "results": [
    {
      "uuid": "f13f194d-f07d-4143-b255-64e0093173b9",
      "title": "",
      "fullFile": "cypress\\e2e\\API\\orders_api.cy.js",
      "file": "cypress\\e2e\\API\\orders_api.cy.js",
      "beforeHooks": [],
      "afterHooks": [],
      "tests": [],
      "suites": [
        {
          "uuid": "fcb84ffd-f619-4fe2-b483-a4ca76b50b03",
          "title": "access to shopping cart with api",
          "fullFile": "",
          "file": "",
          "beforeHooks": [],
          "afterHooks": [],
          "tests": [
            {
              "title": "login test true",
              "fullTitle": "access to shopping cart with api login test true",
              "timedOut": null,
              "duration": 995,
              "state": "passed",
              "speed": "fast",
              "pass": true,
              "fail": false,
              "pending": false,
              "context": null,
              "code": "cy.request({\n  method: 'POST',\n  url: 'http://localhost:8081/login',\n  body: {\n    username: 'test2@test.fr',\n    password: 'testtest'\n  }\n}).then(response => {\n  expect(response.status).to.eq(200);\n  expect(response.body).to.have.property('token');\n  authToken = response.body.token;\n});",
              "err": {},
              "uuid": "531b489b-6158-4910-9078-cc1f0de65e48",
              "parentUUID": "fcb84ffd-f619-4fe2-b483-a4ca76b50b03",
              "isHook": false,
              "skipped": false
            },
            {
              "title": "unauthorized",
              "fullTitle": "access to shopping cart with api unauthorized",
              "timedOut": null,
              "duration": 257,
              "state": "passed",
              "speed": "fast",
              "pass": true,
              "fail": false,
              "pending": false,
              "context": null,
              "code": "cy.request({\n  method: 'GET',\n  url: 'http://localhost:8081/orders',\n  failOnStatusCode: false\n}).then(response => {\n  expect(response.status).to.eq(401);\n});",
              "err": {},
              "uuid": "bddb6dd6-1266-4fe7-96ed-b2a14741f0ee",
              "parentUUID": "fcb84ffd-f619-4fe2-b483-a4ca76b50b03",
              "isHook": false,
              "skipped": false
            },
            {
              "title": "authorized",
              "fullTitle": "access to shopping cart with api authorized",
              "timedOut": null,
              "duration": 637,
              "state": "passed",
              "speed": "fast",
              "pass": true,
              "fail": false,
              "pending": false,
              "context": null,
              "code": "cy.request({\n  method: 'GET',\n  url: 'http://localhost:8081/orders',\n  headers: {\n    Authorization: `Bearer ${authToken}`\n  }\n}).then(response => {\n  expect(response.status).to.eq(200);\n});",
              "err": {},
              "uuid": "4e602ade-c8d5-4518-bba4-1984abf46d93",
              "parentUUID": "fcb84ffd-f619-4fe2-b483-a4ca76b50b03",
              "isHook": false,
              "skipped": false
            },
            {
              "title": "verify order lines",
              "fullTitle": "access to shopping cart with api verify order lines",
              "timedOut": null,
              "duration": 277,
              "state": "passed",
              "speed": "fast",
              "pass": true,
              "fail": false,
              "pending": false,
              "context": null,
              "code": "cy.request({\n  method: 'GET',\n  url: 'http://localhost:8081/orders',\n  headers: {\n    Authorization: `Bearer ${authToken}`\n  }\n}).then(response => {\n  expect(response.status).to.eq(200);\n  const orderLines = response.body.orderLines;\n  expect(orderLines).length.to.be.greaterThan(0);\n});",
              "err": {},
              "uuid": "b3a7e70b-5808-43c3-976c-0fe04d2b77da",
              "parentUUID": "fcb84ffd-f619-4fe2-b483-a4ca76b50b03",
              "isHook": false,
              "skipped": false
            },
            {
              "title": "view cart products",
              "fullTitle": "access to shopping cart with api view cart products",
              "timedOut": null,
              "duration": 303,
              "state": "passed",
              "speed": "fast",
              "pass": true,
              "fail": false,
              "pending": false,
              "context": null,
              "code": "cy.request({\n  method: 'GET',\n  url: 'http://localhost:8081/orders',\n  headers: {\n    Authorization: `Bearer ${authToken}`\n  }\n}).then(response => {\n  expect(response.status).to.eq(200);\n  response.body.orderLines.forEach(orderLine => {\n    expect(orderLine.product).to.be.an('object');\n  });\n});",
              "err": {},
              "uuid": "97988a1a-4b90-4693-864c-b8087721c2fa",
              "parentUUID": "fcb84ffd-f619-4fe2-b483-a4ca76b50b03",
              "isHook": false,
              "skipped": false
            },
            {
              "title": "adding a product with stock to the cart",
              "fullTitle": "access to shopping cart with api adding a product with stock to the cart",
              "timedOut": null,
              "duration": 850,
              "state": "passed",
              "speed": "fast",
              "pass": true,
              "fail": false,
              "pending": false,
              "context": null,
              "code": "cy.request({\n  method: 'PUT',\n  url: 'http://localhost:8081/orders/add',\n  headers: {\n    Authorization: `Bearer ${authToken}`\n  },\n  body: {\n    product: '10',\n    quantity: '1'\n  }\n}).then(response => {\n  expect(response.status).to.eq(200);\n});",
              "err": {},
              "uuid": "3872e350-1776-4b88-91d8-eb9be6023501",
              "parentUUID": "fcb84ffd-f619-4fe2-b483-a4ca76b50b03",
              "isHook": false,
              "skipped": false
            },
            {
              "title": "adding a product without stock to the cart",
              "fullTitle": "access to shopping cart with api adding a product without stock to the cart",
              "timedOut": null,
              "duration": 528,
              "state": "passed",
              "speed": "fast",
              "pass": true,
              "fail": false,
              "pending": false,
              "context": null,
              "code": "cy.request({\n  method: 'PUT',\n  url: 'http://localhost:8081/orders/add',\n  headers: {\n    Authorization: `Bearer ${authToken}`\n  },\n  body: {\n    product: '3',\n    quantity: '1'\n  }\n}).then(response => {\n  expect(response.status).to.eq(200);\n});",
              "err": {},
              "uuid": "af50c318-cac5-4fa7-a1bb-36d860fbffd5",
              "parentUUID": "fcb84ffd-f619-4fe2-b483-a4ca76b50b03",
              "isHook": false,
              "skipped": false
            }
          ],
          "suites": [],
          "passes": [
            "531b489b-6158-4910-9078-cc1f0de65e48",
            "bddb6dd6-1266-4fe7-96ed-b2a14741f0ee",
            "4e602ade-c8d5-4518-bba4-1984abf46d93",
            "b3a7e70b-5808-43c3-976c-0fe04d2b77da",
            "97988a1a-4b90-4693-864c-b8087721c2fa",
            "3872e350-1776-4b88-91d8-eb9be6023501",
            "af50c318-cac5-4fa7-a1bb-36d860fbffd5"
          ],
          "failures": [],
          "pending": [],
          "skipped": [],
          "duration": 3847,
          "root": false,
          "rootEmpty": false,
          "_timeout": 2000
        }
      ],
      "passes": [],
      "failures": [],
      "pending": [],
      "skipped": [],
      "duration": 0,
      "root": true,
      "rootEmpty": true,
      "_timeout": 2000
    }
  ],
  "meta": {
    "mocha": {
      "version": "7.0.1"
    },
    "mochawesome": {
      "options": {
        "quiet": false,
        "reportFilename": "mochawesome",
        "saveHtml": false,
        "saveJson": true,
        "consoleReporter": "spec",
        "useInlineDiffs": false,
        "code": true
      },
      "version": "7.1.3"
    },
    "marge": {
      "options": {
        "reportDir": "cypress/report/mochawesome-report",
        "overwrite": false,
        "html": false,
        "json": true,
        "charts": true
      },
      "version": "6.2.0"
    }
  }
}