{
  "stats": {
    "suites": 1,
    "tests": 2,
    "passes": 2,
    "pending": 0,
    "failures": 0,
    "start": "2024-02-16T22:32:58.970Z",
    "end": "2024-02-16T22:33:09.076Z",
    "duration": 10106,
    "testsRegistered": 2,
    "passPercent": 100,
    "pendingPercent": 0,
    "other": 0,
    "hasOther": false,
    "skipped": 0,
    "hasSkipped": false
  },
  "results": [
    {
      "uuid": "08dae37e-afc4-49ad-bd26-49763b91df7e",
      "title": "",
      "fullFile": "cypress\\e2e\\SCENARIO\\smoke_test.cy.js",
      "file": "cypress\\e2e\\SCENARIO\\smoke_test.cy.js",
      "beforeHooks": [],
      "afterHooks": [],
      "tests": [],
      "suites": [
        {
          "uuid": "7965dfba-b86b-4e0f-a600-808c5636fad1",
          "title": "smoke test",
          "fullFile": "",
          "file": "",
          "beforeHooks": [],
          "afterHooks": [],
          "tests": [
            {
              "title": "check the presence of fields and connection button",
              "fullTitle": "smoke test check the presence of fields and connection button",
              "timedOut": null,
              "duration": 2673,
              "state": "passed",
              "speed": "fast",
              "pass": true,
              "fail": false,
              "pending": false,
              "context": null,
              "code": "//On va sur le site et on clique sur l'onglet connexion\ncy.visit('http://localhost:8080/#/');\ncy.get('[data-cy=\"nav-link-login\"]').click();\ncy.get('[data-cy=\"login-input-username\"]').should('exist');\ncy.get('[data-cy=\"login-input-password\"]').should('exist');\ncy.get('[data-cy=\"login-submit\"]').should('exist');",
              "err": {},
              "uuid": "7df83073-46d8-47bb-8519-39f343690e22",
              "parentUUID": "7965dfba-b86b-4e0f-a600-808c5636fad1",
              "isHook": false,
              "skipped": false
            },
            {
              "title": "check the presence of add to cart and availability",
              "fullTitle": "smoke test check the presence of add to cart and availability",
              "timedOut": null,
              "duration": 4446,
              "state": "passed",
              "speed": "fast",
              "pass": true,
              "fail": false,
              "pending": false,
              "context": null,
              "code": "//On va sur le site et on se connecte en tant que client pour avoir accès au panier\ncy.visit('http://localhost:8080/#/');\ncy.get('[data-cy=\"nav-link-login\"]').click();\ncy.get('[data-cy=\"login-input-username\"]').type('test2@test.fr');\ncy.get('[data-cy=\"login-input-password\"]').type('testtest');\ncy.get('[data-cy=\"login-submit\"]').click();\ncy.contains('Mon panier').should('be.visible');\n//On va sur la page des produits pour en sélectionner un\ncy.get('[data-cy=\"nav-link-products\"]').click();\ncy.get('button').eq(1).should('contain', 'Consulter').click();\n//On vérifie la présence du bouton ajout au panier et la disponibilité\ncy.get('[data-cy=\"detail-product-add\"]').should('exist');\ncy.get('[data-cy=\"detail-product-stock\"]').should('exist');",
              "err": {},
              "uuid": "aa9f6ccf-f8e3-4636-9ba8-53a9cd4e2126",
              "parentUUID": "7965dfba-b86b-4e0f-a600-808c5636fad1",
              "isHook": false,
              "skipped": false
            }
          ],
          "suites": [],
          "passes": [
            "7df83073-46d8-47bb-8519-39f343690e22",
            "aa9f6ccf-f8e3-4636-9ba8-53a9cd4e2126"
          ],
          "failures": [],
          "pending": [],
          "skipped": [],
          "duration": 7119,
          "root": false,
          "rootEmpty": false,
          "_timeout": 2000
        }
      ],
      "passes": [],
      "failures": [],
      "pending": [],
      "skipped": [],
      "duration": 0,
      "root": true,
      "rootEmpty": true,
      "_timeout": 2000
    }
  ],
  "meta": {
    "mocha": {
      "version": "7.0.1"
    },
    "mochawesome": {
      "options": {
        "quiet": false,
        "reportFilename": "mochawesome",
        "saveHtml": false,
        "saveJson": true,
        "consoleReporter": "spec",
        "useInlineDiffs": false,
        "code": true
      },
      "version": "7.1.3"
    },
    "marge": {
      "options": {
        "reportDir": "cypress/report/mochawesome-report",
        "overwrite": false,
        "html": false,
        "json": true,
        "charts": true
      },
      "version": "6.2.0"
    }
  }
}