{
  "stats": {
    "suites": 1,
    "tests": 5,
    "passes": 5,
    "pending": 0,
    "failures": 0,
    "start": "2024-02-16T21:38:43.235Z",
    "end": "2024-02-16T21:39:03.667Z",
    "duration": 20432,
    "testsRegistered": 5,
    "passPercent": 100,
    "pendingPercent": 0,
    "other": 0,
    "hasOther": false,
    "skipped": 0,
    "hasSkipped": false
  },
  "results": [
    {
      "uuid": "dbe1a62c-f228-428b-a241-55dfd4dc0dac",
      "title": "",
      "fullFile": "cypress\\e2e\\SCENARIO\\cart_1p1q.cy.js",
      "file": "cypress\\e2e\\SCENARIO\\cart_1p1q.cy.js",
      "beforeHooks": [],
      "afterHooks": [],
      "tests": [],
      "suites": [
        {
          "uuid": "65153995-bd95-4f7c-8dde-33d02cc0d519",
          "title": "adding a product to the cart",
          "fullFile": "",
          "file": "",
          "beforeHooks": [],
          "afterHooks": [],
          "tests": [
            {
              "title": "login test true",
              "fullTitle": "adding a product to the cart login test true",
              "timedOut": null,
              "duration": 1197,
              "state": "passed",
              "speed": "fast",
              "pass": true,
              "fail": false,
              "pending": false,
              "context": null,
              "code": "cy.request({\n  method: 'POST',\n  url: 'http://localhost:8081/login',\n  body: {\n    username: 'test2@test.fr',\n    password: 'testtest'\n  }\n}).then(response => {\n  expect(response.status).to.eq(200);\n  expect(response.body).to.have.property('token');\n  authToken = response.body.token;\n});",
              "err": {},
              "uuid": "850f34b4-5eca-4853-9581-c498302d9c34",
              "parentUUID": "65153995-bd95-4f7c-8dde-33d02cc0d519",
              "isHook": false,
              "skipped": false
            },
            {
              "title": "verify order lines",
              "fullTitle": "adding a product to the cart verify order lines",
              "timedOut": null,
              "duration": 369,
              "state": "passed",
              "speed": "fast",
              "pass": true,
              "fail": false,
              "pending": false,
              "context": null,
              "code": "cy.request({\n  method: 'GET',\n  url: 'http://localhost:8081/orders',\n  headers: {\n    Authorization: `Bearer ${authToken}`\n  }\n}).then(response => {\n  expect(response.status).to.eq(200);\n  orderLines = response.body.orderLines;\n  orderLines.forEach(line => {\n    cy.request({\n      method: 'DELETE',\n      url: 'http://localhost:8081/orders/' + line.id + '/delete',\n      headers: {\n        Authorization: `Bearer ${authToken}`\n      }\n    });\n  });\n});",
              "err": {},
              "uuid": "563dbb24-ab58-41c3-9b3d-c7316ef82181",
              "parentUUID": "65153995-bd95-4f7c-8dde-33d02cc0d519",
              "isHook": false,
              "skipped": false
            },
            {
              "title": "adding a product to the cart",
              "fullTitle": "adding a product to the cart adding a product to the cart",
              "timedOut": null,
              "duration": 13706,
              "state": "passed",
              "speed": "slow",
              "pass": true,
              "fail": false,
              "pending": false,
              "context": null,
              "code": "(0, _connection.connexion)();\n//On va sur la page des produits pour en sélectionner un\ncy.get('[data-cy=\"nav-link-products\"]').click();\ncy.get('button').eq(2).should('contain', 'Consulter').click();\n//On vérifie la quantité en stock avant ajout au panier\ncy.wait(1000);\ncy.get('[data-cy=\"detail-product-stock\"]').invoke('text').then(qttAvant => {\n  stockAvant = parseInt(qttAvant.split(' ')[0]);\n});\n//On ajoute au panier    \ncy.get('[data-cy=\"detail-product-add\"]').click();\n//On va sur le panier vérifier que le produit a bien été ajouté \ncy.get('[data-cy=\"nav-link-cart\"]').click();\ncy.contains('Vos informations').should('exist');\ncy.contains('Vos informations').should('exist');\ncy.contains('Poussière de lune').should('be.visible');\ncy.get('[data-cy=\"cart-line-quantity\"]').invoke('val').then(qttCart => {\n  stockCart = parseInt(qttCart.split(' ')[0]);\n});\n//On retourne sur la page du produit pour vérifier que la quantité a bien diminué    \ncy.get('[data-cy=\"nav-link-products\"]').click();\ncy.get('button').eq(2).should('contain', 'Consulter').click();\ncy.wait(1000);\ncy.get('[data-cy=\"detail-product-stock\"]').invoke('text').then(qttApres => {\n  stockApres = parseInt(qttApres.split(' ')[0]);\n  expect(stockApres + stockCart).to.equal(stockAvant);\n});",
              "err": {},
              "uuid": "731e952e-5ed7-433b-bca4-a015819c2230",
              "parentUUID": "65153995-bd95-4f7c-8dde-33d02cc0d519",
              "isHook": false,
              "skipped": false
            },
            {
              "title": "login test true",
              "fullTitle": "adding a product to the cart login test true",
              "timedOut": null,
              "duration": 1812,
              "state": "passed",
              "speed": "fast",
              "pass": true,
              "fail": false,
              "pending": false,
              "context": null,
              "code": "cy.request({\n  method: 'POST',\n  url: 'http://localhost:8081/login',\n  body: {\n    username: 'test2@test.fr',\n    password: 'testtest'\n  }\n}).then(response => {\n  expect(response.status).to.eq(200);\n  expect(response.body).to.have.property('token');\n  authToken = response.body.token;\n});",
              "err": {},
              "uuid": "c967a1c7-6edb-423a-aba3-f40d6727c09e",
              "parentUUID": "65153995-bd95-4f7c-8dde-33d02cc0d519",
              "isHook": false,
              "skipped": false
            },
            {
              "title": "verify order lines",
              "fullTitle": "adding a product to the cart verify order lines",
              "timedOut": null,
              "duration": 627,
              "state": "passed",
              "speed": "fast",
              "pass": true,
              "fail": false,
              "pending": false,
              "context": null,
              "code": "cy.request({\n  method: 'GET',\n  url: 'http://localhost:8081/orders',\n  headers: {\n    Authorization: `Bearer ${authToken}`\n  }\n}).then(response => {\n  expect(response.status).to.eq(200);\n  response.body.orderLines.forEach(orderLine => {\n    if (orderLine.product.id === 5) {\n      expect(orderLine.quantity).to.be.equal(1);\n    }\n  });\n});",
              "err": {},
              "uuid": "586025f1-5add-413a-b52b-758b1ea9b3f0",
              "parentUUID": "65153995-bd95-4f7c-8dde-33d02cc0d519",
              "isHook": false,
              "skipped": false
            }
          ],
          "suites": [],
          "passes": [
            "850f34b4-5eca-4853-9581-c498302d9c34",
            "563dbb24-ab58-41c3-9b3d-c7316ef82181",
            "731e952e-5ed7-433b-bca4-a015819c2230",
            "c967a1c7-6edb-423a-aba3-f40d6727c09e",
            "586025f1-5add-413a-b52b-758b1ea9b3f0"
          ],
          "failures": [],
          "pending": [],
          "skipped": [],
          "duration": 17711,
          "root": false,
          "rootEmpty": false,
          "_timeout": 2000
        }
      ],
      "passes": [],
      "failures": [],
      "pending": [],
      "skipped": [],
      "duration": 0,
      "root": true,
      "rootEmpty": true,
      "_timeout": 2000
    }
  ],
  "meta": {
    "mocha": {
      "version": "7.0.1"
    },
    "mochawesome": {
      "options": {
        "quiet": false,
        "reportFilename": "mochawesome",
        "saveHtml": false,
        "saveJson": true,
        "consoleReporter": "spec",
        "useInlineDiffs": false,
        "code": true
      },
      "version": "7.1.3"
    },
    "marge": {
      "options": {
        "reportDir": "cypress/report/mochawesome-report",
        "overwrite": false,
        "html": false,
        "json": true,
        "charts": true
      },
      "version": "6.2.0"
    }
  }
}