{
  "stats": {
    "suites": 1,
    "tests": 3,
    "passes": 3,
    "pending": 0,
    "failures": 0,
    "start": "2024-02-16T22:32:42.050Z",
    "end": "2024-02-16T22:32:55.267Z",
    "duration": 13217,
    "testsRegistered": 3,
    "passPercent": 100,
    "pendingPercent": 0,
    "other": 0,
    "hasOther": false,
    "skipped": 0,
    "hasSkipped": false
  },
  "results": [
    {
      "uuid": "34836ecc-b85b-41e5-bb4b-b89b2c8b856d",
      "title": "",
      "fullFile": "cypress\\e2e\\SCENARIO\\login_page.cy.js",
      "file": "cypress\\e2e\\SCENARIO\\login_page.cy.js",
      "beforeHooks": [],
      "afterHooks": [],
      "tests": [],
      "suites": [
        {
          "uuid": "bc0563e4-8124-4cc4-8df5-f11a75672580",
          "title": "login page ",
          "fullFile": "",
          "file": "",
          "beforeHooks": [],
          "afterHooks": [],
          "tests": [
            {
              "title": "password error should be visible",
              "fullTitle": "login page  password error should be visible",
              "timedOut": null,
              "duration": 5552,
              "state": "passed",
              "speed": "medium",
              "pass": true,
              "fail": false,
              "pending": false,
              "context": null,
              "code": "cy.visit('http://localhost:8080/#/');\ncy.get('[data-cy=\"nav-link-login\"]').click();\ncy.get('[data-cy=\"login-input-username\"]').type('test2@test.fr');\ncy.get('[data-cy=\"login-input-password\"]').type('1234');\ncy.get('[data-cy=\"login-submit\"]').click();\ncy.contains('Identifiants incorrects').should('be.visible');",
              "err": {},
              "uuid": "f71baa13-689a-493c-8d2d-2d67e1b4c75c",
              "parentUUID": "bc0563e4-8124-4cc4-8df5-f11a75672580",
              "isHook": false,
              "skipped": false
            },
            {
              "title": "the empty fields error should be visible",
              "fullTitle": "login page  the empty fields error should be visible",
              "timedOut": null,
              "duration": 1177,
              "state": "passed",
              "speed": "fast",
              "pass": true,
              "fail": false,
              "pending": false,
              "context": null,
              "code": "cy.visit('http://localhost:8080/#/');\ncy.get('[data-cy=\"nav-link-login\"]').click();\ncy.get('[data-cy=\"login-submit\"]').click();\ncy.contains('Merci de remplir correctement tous les champs').should('be.visible');",
              "err": {},
              "uuid": "d301f0e7-2d1c-4910-884a-7c167a6a0e89",
              "parentUUID": "bc0563e4-8124-4cc4-8df5-f11a75672580",
              "isHook": false,
              "skipped": false
            },
            {
              "title": "correct username and password",
              "fullTitle": "login page  correct username and password",
              "timedOut": null,
              "duration": 3479,
              "state": "passed",
              "speed": "fast",
              "pass": true,
              "fail": false,
              "pending": false,
              "context": null,
              "code": "cy.visit('http://localhost:8080/#/');\ncy.get('[data-cy=\"nav-link-login\"]').click();\ncy.get('[data-cy=\"login-input-username\"]').type('test2@test.fr');\ncy.get('[data-cy=\"login-input-password\"]').type('testtest');\ncy.get('[data-cy=\"login-submit\"]').click();\ncy.contains('Mon panier').should('be.visible');",
              "err": {},
              "uuid": "43018044-107e-4603-89f4-236b2b6a4c26",
              "parentUUID": "bc0563e4-8124-4cc4-8df5-f11a75672580",
              "isHook": false,
              "skipped": false
            }
          ],
          "suites": [],
          "passes": [
            "f71baa13-689a-493c-8d2d-2d67e1b4c75c",
            "d301f0e7-2d1c-4910-884a-7c167a6a0e89",
            "43018044-107e-4603-89f4-236b2b6a4c26"
          ],
          "failures": [],
          "pending": [],
          "skipped": [],
          "duration": 10208,
          "root": false,
          "rootEmpty": false,
          "_timeout": 2000
        }
      ],
      "passes": [],
      "failures": [],
      "pending": [],
      "skipped": [],
      "duration": 0,
      "root": true,
      "rootEmpty": true,
      "_timeout": 2000
    }
  ],
  "meta": {
    "mocha": {
      "version": "7.0.1"
    },
    "mochawesome": {
      "options": {
        "quiet": false,
        "reportFilename": "mochawesome",
        "saveHtml": false,
        "saveJson": true,
        "consoleReporter": "spec",
        "useInlineDiffs": false,
        "code": true
      },
      "version": "7.1.3"
    },
    "marge": {
      "options": {
        "reportDir": "cypress/report/mochawesome-report",
        "overwrite": false,
        "html": false,
        "json": true,
        "charts": true
      },
      "version": "6.2.0"
    }
  }
}