{
  "stats": {
    "suites": 1,
    "tests": 3,
    "passes": 2,
    "pending": 0,
    "failures": 1,
    "start": "2024-02-16T22:31:51.125Z",
    "end": "2024-02-16T22:32:10.651Z",
    "duration": 19526,
    "testsRegistered": 3,
    "passPercent": 66.66666666666666,
    "pendingPercent": 0,
    "other": 0,
    "hasOther": false,
    "skipped": 0,
    "hasSkipped": false
  },
  "results": [
    {
      "uuid": "e973a40c-d704-4b8b-a288-c048ad2bd6c9",
      "title": "",
      "fullFile": "cypress\\e2e\\SCENARIO\\cart_2p22q.cy.js",
      "file": "cypress\\e2e\\SCENARIO\\cart_2p22q.cy.js",
      "beforeHooks": [],
      "afterHooks": [],
      "tests": [],
      "suites": [
        {
          "uuid": "2c307994-d745-4950-b729-b409387a3cc4",
          "title": "adding a product to the cart",
          "fullFile": "",
          "file": "",
          "beforeHooks": [],
          "afterHooks": [],
          "tests": [
            {
              "title": "login test true",
              "fullTitle": "adding a product to the cart login test true",
              "timedOut": null,
              "duration": 2542,
              "state": "passed",
              "speed": "fast",
              "pass": true,
              "fail": false,
              "pending": false,
              "context": null,
              "code": "cy.request({\n  method: 'POST',\n  url: 'http://localhost:8081/login',\n  body: {\n    username: 'test2@test.fr',\n    password: 'testtest'\n  }\n}).then(response => {\n  expect(response.status).to.eq(200);\n  expect(response.body).to.have.property('token');\n  authToken = response.body.token;\n});",
              "err": {},
              "uuid": "a9891fff-34dd-4830-a9d2-47cf22f6c9e8",
              "parentUUID": "2c307994-d745-4950-b729-b409387a3cc4",
              "isHook": false,
              "skipped": false
            },
            {
              "title": "verify order lines",
              "fullTitle": "adding a product to the cart verify order lines",
              "timedOut": null,
              "duration": 867,
              "state": "passed",
              "speed": "fast",
              "pass": true,
              "fail": false,
              "pending": false,
              "context": null,
              "code": "cy.request({\n  method: 'GET',\n  url: 'http://localhost:8081/orders',\n  headers: {\n    Authorization: `Bearer ${authToken}`\n  }\n}).then(response => {\n  expect(response.status).to.eq(200);\n  orderLines = response.body.orderLines;\n  orderLines.forEach(line => {\n    cy.request({\n      method: 'DELETE',\n      url: 'http://localhost:8081/orders/' + line.id + '/delete',\n      headers: {\n        Authorization: `Bearer ${authToken}`\n      }\n    });\n  });\n});",
              "err": {},
              "uuid": "481986aa-70a9-4bd1-944d-29098f834882",
              "parentUUID": "2c307994-d745-4950-b729-b409387a3cc4",
              "isHook": false,
              "skipped": false
            },
            {
              "title": "adding a product to the cart",
              "fullTitle": "adding a product to the cart adding a product to the cart",
              "timedOut": null,
              "duration": 12622,
              "state": "failed",
              "speed": null,
              "pass": false,
              "fail": true,
              "pending": false,
              "context": null,
              "code": "(0, _connection.connexion)();\n//On va sur la page des produits pour sélectionner le premier\ncy.get('[data-cy=\"nav-link-products\"]').click();\ncy.get('button').eq(0).should('contain', 'Consulter').click();\n//On ajoute au panier plusieurs quantités d'un même produit  \ncy.get('[data-cy=\"detail-product-quantity\"]').click();\ncy.get('[data-cy=\"detail-product-quantity\"]').clear();\ncy.get('[data-cy=\"detail-product-quantity\"]').type('22');\ncy.get('[data-cy=\"detail-product-add\"]').click();\n//On va sur le panier vérifier que le produit a bien été ajouté \ncy.get('[data-cy=\"nav-link-cart\"]').click();\ncy.contains('Vos informations').should('exist');\ncy.contains('Sentiments printaniers').should('be.visible');\ncy.get('input').eq(0).invoke('val').then(qttCart1 => {\n  stockCart1 = parseInt(qttCart1.split(' ')[0]);\n  cy.wrap(stockCart1).should('eq', 22);\n});\n//On va sur la page des produits pour sélectionner le second\ncy.get('[data-cy=\"nav-link-products\"]').click();\ncy.get('button').eq(4).should('contain', 'Consulter').click();\n//On ajoute au panier plusieurs quantités d'un même produit\ncy.get('[data-cy=\"detail-product-quantity\"]').click();\ncy.get('[data-cy=\"detail-product-quantity\"]').clear();\ncy.get('[data-cy=\"detail-product-quantity\"]').type('22');\ncy.get('[data-cy=\"detail-product-add\"]').click();\n//On va sur le panier vérifier que le produit a bien été ajouté \ncy.get('[data-cy=\"nav-link-cart\"]').click();\ncy.contains('Vos informations').should('exist');\ncy.contains('Extrait de nature').should('be.visible');\ncy.get('input').eq(1).invoke('val').then(qttCart2 => {\n  stockCart2 = parseInt(qttCart2.split(' ')[0]);\n  cy.wrap(stockCart2).should('eq', 22);\n});",
              "err": {
                "message": "AssertionError: Timed out retrying after 4000ms: Expected to find content: 'Vos informations' but never did.",
                "estack": "AssertionError: Timed out retrying after 4000ms: Expected to find content: 'Vos informations' but never did.\n    at Context.eval (webpack://eco-bliss-bath/./cypress/e2e/SCENARIO/cart_2p22q.cy.js:65:40)",
                "diff": null
              },
              "uuid": "239cd8fe-9acf-4a53-b319-5ad3670b0cbe",
              "parentUUID": "2c307994-d745-4950-b729-b409387a3cc4",
              "isHook": false,
              "skipped": false
            }
          ],
          "suites": [],
          "passes": [
            "a9891fff-34dd-4830-a9d2-47cf22f6c9e8",
            "481986aa-70a9-4bd1-944d-29098f834882"
          ],
          "failures": [
            "239cd8fe-9acf-4a53-b319-5ad3670b0cbe"
          ],
          "pending": [],
          "skipped": [],
          "duration": 16031,
          "root": false,
          "rootEmpty": false,
          "_timeout": 2000
        }
      ],
      "passes": [],
      "failures": [],
      "pending": [],
      "skipped": [],
      "duration": 0,
      "root": true,
      "rootEmpty": true,
      "_timeout": 2000
    }
  ],
  "meta": {
    "mocha": {
      "version": "7.0.1"
    },
    "mochawesome": {
      "options": {
        "quiet": false,
        "reportFilename": "mochawesome",
        "saveHtml": false,
        "saveJson": true,
        "consoleReporter": "spec",
        "useInlineDiffs": false,
        "code": true
      },
      "version": "7.1.3"
    },
    "marge": {
      "options": {
        "reportDir": "cypress/report/mochawesome-report",
        "overwrite": false,
        "html": false,
        "json": true,
        "charts": true
      },
      "version": "6.2.0"
    }
  }
}