{
  "stats": {
    "suites": 1,
    "tests": 7,
    "passes": 7,
    "pending": 0,
    "failures": 0,
    "start": "2024-02-16T22:27:33.307Z",
    "end": "2024-02-16T22:27:39.518Z",
    "duration": 6211,
    "testsRegistered": 7,
    "passPercent": 100,
    "pendingPercent": 0,
    "other": 0,
    "hasOther": false,
    "skipped": 0,
    "hasSkipped": false
  },
  "results": [
    {
      "uuid": "9669e76a-a5b6-440a-a268-8c22855abe85",
      "title": "",
      "fullFile": "cypress\\e2e\\API\\orders_api.cy.js",
      "file": "cypress\\e2e\\API\\orders_api.cy.js",
      "beforeHooks": [],
      "afterHooks": [],
      "tests": [],
      "suites": [
        {
          "uuid": "27f151f7-7f92-4666-b6a2-50a2c7aabeb3",
          "title": "access to shopping cart with api",
          "fullFile": "",
          "file": "",
          "beforeHooks": [],
          "afterHooks": [],
          "tests": [
            {
              "title": "login test true",
              "fullTitle": "access to shopping cart with api login test true",
              "timedOut": null,
              "duration": 988,
              "state": "passed",
              "speed": "fast",
              "pass": true,
              "fail": false,
              "pending": false,
              "context": null,
              "code": "cy.request({\n  method: 'POST',\n  url: 'http://localhost:8081/login',\n  body: {\n    username: 'test2@test.fr',\n    password: 'testtest'\n  }\n}).then(response => {\n  expect(response.status).to.eq(200);\n  expect(response.body).to.have.property('token');\n  authToken = response.body.token;\n});",
              "err": {},
              "uuid": "fabd5df0-432d-4fc4-aa41-38da2b74915a",
              "parentUUID": "27f151f7-7f92-4666-b6a2-50a2c7aabeb3",
              "isHook": false,
              "skipped": false
            },
            {
              "title": "unauthorized",
              "fullTitle": "access to shopping cart with api unauthorized",
              "timedOut": null,
              "duration": 298,
              "state": "passed",
              "speed": "fast",
              "pass": true,
              "fail": false,
              "pending": false,
              "context": null,
              "code": "cy.request({\n  method: 'GET',\n  url: 'http://localhost:8081/orders',\n  failOnStatusCode: false\n}).then(response => {\n  expect(response.status).to.eq(401);\n});",
              "err": {},
              "uuid": "108987c2-19ac-4c7e-a978-8567ca4805fc",
              "parentUUID": "27f151f7-7f92-4666-b6a2-50a2c7aabeb3",
              "isHook": false,
              "skipped": false
            },
            {
              "title": "authorized",
              "fullTitle": "access to shopping cart with api authorized",
              "timedOut": null,
              "duration": 1832,
              "state": "passed",
              "speed": "fast",
              "pass": true,
              "fail": false,
              "pending": false,
              "context": null,
              "code": "cy.request({\n  method: 'GET',\n  url: 'http://localhost:8081/orders',\n  headers: {\n    Authorization: `Bearer ${authToken}`\n  }\n}).then(response => {\n  expect(response.status).to.eq(200);\n});",
              "err": {},
              "uuid": "bf0223b5-62a6-4bd4-877a-087efb1d3f02",
              "parentUUID": "27f151f7-7f92-4666-b6a2-50a2c7aabeb3",
              "isHook": false,
              "skipped": false
            },
            {
              "title": "verify order lines",
              "fullTitle": "access to shopping cart with api verify order lines",
              "timedOut": null,
              "duration": 730,
              "state": "passed",
              "speed": "fast",
              "pass": true,
              "fail": false,
              "pending": false,
              "context": null,
              "code": "cy.request({\n  method: 'GET',\n  url: 'http://localhost:8081/orders',\n  headers: {\n    Authorization: `Bearer ${authToken}`\n  }\n}).then(response => {\n  expect(response.status).to.eq(200);\n  const orderLines = response.body.orderLines;\n  expect(orderLines).length.to.be.greaterThan(0);\n});",
              "err": {},
              "uuid": "cb0563fc-c8d7-4915-94be-2e3345f045c8",
              "parentUUID": "27f151f7-7f92-4666-b6a2-50a2c7aabeb3",
              "isHook": false,
              "skipped": false
            },
            {
              "title": "view cart products",
              "fullTitle": "access to shopping cart with api view cart products",
              "timedOut": null,
              "duration": 520,
              "state": "passed",
              "speed": "fast",
              "pass": true,
              "fail": false,
              "pending": false,
              "context": null,
              "code": "cy.request({\n  method: 'GET',\n  url: 'http://localhost:8081/orders',\n  headers: {\n    Authorization: `Bearer ${authToken}`\n  }\n}).then(response => {\n  expect(response.status).to.eq(200);\n  response.body.orderLines.forEach(orderLine => {\n    expect(orderLine.product).to.be.an('object');\n  });\n});",
              "err": {},
              "uuid": "8cf788c0-9c1f-408a-9503-a8223cc416cb",
              "parentUUID": "27f151f7-7f92-4666-b6a2-50a2c7aabeb3",
              "isHook": false,
              "skipped": false
            },
            {
              "title": "adding a product with stock to the cart",
              "fullTitle": "access to shopping cart with api adding a product with stock to the cart",
              "timedOut": null,
              "duration": 980,
              "state": "passed",
              "speed": "fast",
              "pass": true,
              "fail": false,
              "pending": false,
              "context": null,
              "code": "cy.request({\n  method: 'PUT',\n  url: 'http://localhost:8081/orders/add',\n  headers: {\n    Authorization: `Bearer ${authToken}`\n  },\n  body: {\n    product: '10',\n    quantity: '1'\n  }\n}).then(response => {\n  expect(response.status).to.eq(200);\n});",
              "err": {},
              "uuid": "d9a69e21-ee30-43ae-909b-403908001efc",
              "parentUUID": "27f151f7-7f92-4666-b6a2-50a2c7aabeb3",
              "isHook": false,
              "skipped": false
            },
            {
              "title": "adding a product without stock to the cart",
              "fullTitle": "access to shopping cart with api adding a product without stock to the cart",
              "timedOut": null,
              "duration": 532,
              "state": "passed",
              "speed": "fast",
              "pass": true,
              "fail": false,
              "pending": false,
              "context": null,
              "code": "cy.request({\n  method: 'PUT',\n  url: 'http://localhost:8081/orders/add',\n  headers: {\n    Authorization: `Bearer ${authToken}`\n  },\n  body: {\n    product: '3',\n    quantity: '1'\n  }\n}).then(response => {\n  expect(response.status).to.eq(200);\n});",
              "err": {},
              "uuid": "1991d261-d5b6-4d10-893f-c1b03d6fd476",
              "parentUUID": "27f151f7-7f92-4666-b6a2-50a2c7aabeb3",
              "isHook": false,
              "skipped": false
            }
          ],
          "suites": [],
          "passes": [
            "fabd5df0-432d-4fc4-aa41-38da2b74915a",
            "108987c2-19ac-4c7e-a978-8567ca4805fc",
            "bf0223b5-62a6-4bd4-877a-087efb1d3f02",
            "cb0563fc-c8d7-4915-94be-2e3345f045c8",
            "8cf788c0-9c1f-408a-9503-a8223cc416cb",
            "d9a69e21-ee30-43ae-909b-403908001efc",
            "1991d261-d5b6-4d10-893f-c1b03d6fd476"
          ],
          "failures": [],
          "pending": [],
          "skipped": [],
          "duration": 5880,
          "root": false,
          "rootEmpty": false,
          "_timeout": 2000
        }
      ],
      "passes": [],
      "failures": [],
      "pending": [],
      "skipped": [],
      "duration": 0,
      "root": true,
      "rootEmpty": true,
      "_timeout": 2000
    }
  ],
  "meta": {
    "mocha": {
      "version": "7.0.1"
    },
    "mochawesome": {
      "options": {
        "quiet": false,
        "reportFilename": "mochawesome",
        "saveHtml": false,
        "saveJson": true,
        "consoleReporter": "spec",
        "useInlineDiffs": false,
        "code": true
      },
      "version": "7.1.3"
    },
    "marge": {
      "options": {
        "reportDir": "cypress/report/mochawesome-report",
        "overwrite": false,
        "html": false,
        "json": true,
        "charts": true
      },
      "version": "6.2.0"
    }
  }
}