{
  "stats": {
    "suites": 1,
    "tests": 3,
    "passes": 3,
    "pending": 0,
    "failures": 0,
    "start": "2024-02-16T21:40:23.811Z",
    "end": "2024-02-16T21:40:35.839Z",
    "duration": 12028,
    "testsRegistered": 3,
    "passPercent": 100,
    "pendingPercent": 0,
    "other": 0,
    "hasOther": false,
    "skipped": 0,
    "hasSkipped": false
  },
  "results": [
    {
      "uuid": "de0deeb3-b180-4abf-a11d-4eba9a55cb6c",
      "title": "",
      "fullFile": "cypress\\e2e\\SCENARIO\\login_page.cy.js",
      "file": "cypress\\e2e\\SCENARIO\\login_page.cy.js",
      "beforeHooks": [],
      "afterHooks": [],
      "tests": [],
      "suites": [
        {
          "uuid": "7ef32bfb-0f90-458a-95da-be672050deda",
          "title": "login page ",
          "fullFile": "",
          "file": "",
          "beforeHooks": [],
          "afterHooks": [],
          "tests": [
            {
              "title": "password error should be visible",
              "fullTitle": "login page  password error should be visible",
              "timedOut": null,
              "duration": 4453,
              "state": "passed",
              "speed": "fast",
              "pass": true,
              "fail": false,
              "pending": false,
              "context": null,
              "code": "cy.visit('http://localhost:8080/#/');\ncy.get('[data-cy=\"nav-link-login\"]').click();\ncy.get('[data-cy=\"login-input-username\"]').type('test2@test.fr');\ncy.get('[data-cy=\"login-input-password\"]').type('1234');\ncy.get('[data-cy=\"login-submit\"]').click();\ncy.contains('Identifiants incorrects').should('be.visible');",
              "err": {},
              "uuid": "0f05ff90-b5fb-4699-bb00-42b244ade3c0",
              "parentUUID": "7ef32bfb-0f90-458a-95da-be672050deda",
              "isHook": false,
              "skipped": false
            },
            {
              "title": "the empty fields error should be visible",
              "fullTitle": "login page  the empty fields error should be visible",
              "timedOut": null,
              "duration": 919,
              "state": "passed",
              "speed": "fast",
              "pass": true,
              "fail": false,
              "pending": false,
              "context": null,
              "code": "cy.visit('http://localhost:8080/#/');\ncy.get('[data-cy=\"nav-link-login\"]').click();\ncy.get('[data-cy=\"login-submit\"]').click();\ncy.contains('Merci de remplir correctement tous les champs').should('be.visible');",
              "err": {},
              "uuid": "3fe3f147-762d-4bff-8351-0b7c5a1e7167",
              "parentUUID": "7ef32bfb-0f90-458a-95da-be672050deda",
              "isHook": false,
              "skipped": false
            },
            {
              "title": "correct username and password",
              "fullTitle": "login page  correct username and password",
              "timedOut": null,
              "duration": 3803,
              "state": "passed",
              "speed": "fast",
              "pass": true,
              "fail": false,
              "pending": false,
              "context": null,
              "code": "cy.visit('http://localhost:8080/#/');\ncy.get('[data-cy=\"nav-link-login\"]').click();\ncy.get('[data-cy=\"login-input-username\"]').type('test2@test.fr');\ncy.get('[data-cy=\"login-input-password\"]').type('testtest');\ncy.get('[data-cy=\"login-submit\"]').click();\ncy.contains('Mon panier').should('be.visible');",
              "err": {},
              "uuid": "3adfcef8-69f8-4b9f-97ba-a1dbc9f19a5d",
              "parentUUID": "7ef32bfb-0f90-458a-95da-be672050deda",
              "isHook": false,
              "skipped": false
            }
          ],
          "suites": [],
          "passes": [
            "0f05ff90-b5fb-4699-bb00-42b244ade3c0",
            "3fe3f147-762d-4bff-8351-0b7c5a1e7167",
            "3adfcef8-69f8-4b9f-97ba-a1dbc9f19a5d"
          ],
          "failures": [],
          "pending": [],
          "skipped": [],
          "duration": 9175,
          "root": false,
          "rootEmpty": false,
          "_timeout": 2000
        }
      ],
      "passes": [],
      "failures": [],
      "pending": [],
      "skipped": [],
      "duration": 0,
      "root": true,
      "rootEmpty": true,
      "_timeout": 2000
    }
  ],
  "meta": {
    "mocha": {
      "version": "7.0.1"
    },
    "mochawesome": {
      "options": {
        "quiet": false,
        "reportFilename": "mochawesome",
        "saveHtml": false,
        "saveJson": true,
        "consoleReporter": "spec",
        "useInlineDiffs": false,
        "code": true
      },
      "version": "7.1.3"
    },
    "marge": {
      "options": {
        "reportDir": "cypress/report/mochawesome-report",
        "overwrite": false,
        "html": false,
        "json": true,
        "charts": true
      },
      "version": "6.2.0"
    }
  }
}