{
  "stats": {
    "suites": 1,
    "tests": 5,
    "passes": 5,
    "pending": 0,
    "failures": 0,
    "start": "2024-02-16T22:31:05.433Z",
    "end": "2024-02-16T22:31:21.761Z",
    "duration": 16328,
    "testsRegistered": 5,
    "passPercent": 100,
    "pendingPercent": 0,
    "other": 0,
    "hasOther": false,
    "skipped": 0,
    "hasSkipped": false
  },
  "results": [
    {
      "uuid": "e023fd88-a887-476b-8953-b7183efd32a9",
      "title": "",
      "fullFile": "cypress\\e2e\\SCENARIO\\cart_1p1q.cy.js",
      "file": "cypress\\e2e\\SCENARIO\\cart_1p1q.cy.js",
      "beforeHooks": [],
      "afterHooks": [],
      "tests": [],
      "suites": [
        {
          "uuid": "d8970078-f568-4878-9d66-67f21f0d27d3",
          "title": "adding a product to the cart",
          "fullFile": "",
          "file": "",
          "beforeHooks": [],
          "afterHooks": [],
          "tests": [
            {
              "title": "login test true",
              "fullTitle": "adding a product to the cart login test true",
              "timedOut": null,
              "duration": 1238,
              "state": "passed",
              "speed": "fast",
              "pass": true,
              "fail": false,
              "pending": false,
              "context": null,
              "code": "cy.request({\n  method: 'POST',\n  url: 'http://localhost:8081/login',\n  body: {\n    username: 'test2@test.fr',\n    password: 'testtest'\n  }\n}).then(response => {\n  expect(response.status).to.eq(200);\n  expect(response.body).to.have.property('token');\n  authToken = response.body.token;\n});",
              "err": {},
              "uuid": "58bfb4b3-b7ba-48ec-bd36-a5c3376d10bd",
              "parentUUID": "d8970078-f568-4878-9d66-67f21f0d27d3",
              "isHook": false,
              "skipped": false
            },
            {
              "title": "verify order lines",
              "fullTitle": "adding a product to the cart verify order lines",
              "timedOut": null,
              "duration": 301,
              "state": "passed",
              "speed": "fast",
              "pass": true,
              "fail": false,
              "pending": false,
              "context": null,
              "code": "cy.request({\n  method: 'GET',\n  url: 'http://localhost:8081/orders',\n  headers: {\n    Authorization: `Bearer ${authToken}`\n  }\n}).then(response => {\n  expect(response.status).to.eq(200);\n  orderLines = response.body.orderLines;\n  orderLines.forEach(line => {\n    cy.request({\n      method: 'DELETE',\n      url: 'http://localhost:8081/orders/' + line.id + '/delete',\n      headers: {\n        Authorization: `Bearer ${authToken}`\n      }\n    });\n  });\n});",
              "err": {},
              "uuid": "7a013e1f-e2ef-4820-9a0a-d61f897dd70c",
              "parentUUID": "d8970078-f568-4878-9d66-67f21f0d27d3",
              "isHook": false,
              "skipped": false
            },
            {
              "title": "adding a product to the cart",
              "fullTitle": "adding a product to the cart adding a product to the cart",
              "timedOut": null,
              "duration": 11117,
              "state": "passed",
              "speed": "slow",
              "pass": true,
              "fail": false,
              "pending": false,
              "context": null,
              "code": "(0, _connection.connexion)();\n//On va sur la page des produits pour en sélectionner un\ncy.get('[data-cy=\"nav-link-products\"]').click();\ncy.get('button').eq(2).should('contain', 'Consulter').click();\n//On vérifie la quantité en stock avant ajout au panier\ncy.wait(1000);\ncy.get('[data-cy=\"detail-product-stock\"]').invoke('text').then(qttAvant => {\n  stockAvant = parseInt(qttAvant.split(' ')[0]);\n});\n//On ajoute au panier    \ncy.get('[data-cy=\"detail-product-add\"]').click();\n//On va sur le panier vérifier que le produit a bien été ajouté \ncy.get('[data-cy=\"nav-link-cart\"]').click();\ncy.contains('Vos informations').should('exist');\ncy.contains('Vos informations').should('exist');\ncy.contains('Poussière de lune').should('be.visible');\ncy.get('[data-cy=\"cart-line-quantity\"]').invoke('val').then(qttCart => {\n  stockCart = parseInt(qttCart.split(' ')[0]);\n});\n//On retourne sur la page du produit pour vérifier que la quantité a bien diminué    \ncy.get('[data-cy=\"nav-link-products\"]').click();\ncy.get('button').eq(2).should('contain', 'Consulter').click();\ncy.wait(1000);\ncy.get('[data-cy=\"detail-product-stock\"]').invoke('text').then(qttApres => {\n  stockApres = parseInt(qttApres.split(' ')[0]);\n  expect(stockApres + stockCart).to.equal(stockAvant);\n});",
              "err": {},
              "uuid": "b7e311da-8855-44a8-baad-42773f08e54e",
              "parentUUID": "d8970078-f568-4878-9d66-67f21f0d27d3",
              "isHook": false,
              "skipped": false
            },
            {
              "title": "login test true",
              "fullTitle": "adding a product to the cart login test true",
              "timedOut": null,
              "duration": 756,
              "state": "passed",
              "speed": "fast",
              "pass": true,
              "fail": false,
              "pending": false,
              "context": null,
              "code": "cy.request({\n  method: 'POST',\n  url: 'http://localhost:8081/login',\n  body: {\n    username: 'test2@test.fr',\n    password: 'testtest'\n  }\n}).then(response => {\n  expect(response.status).to.eq(200);\n  expect(response.body).to.have.property('token');\n  authToken = response.body.token;\n});",
              "err": {},
              "uuid": "3da283bb-7f04-4a1c-94c4-b01707d64d02",
              "parentUUID": "d8970078-f568-4878-9d66-67f21f0d27d3",
              "isHook": false,
              "skipped": false
            },
            {
              "title": "verify order lines",
              "fullTitle": "adding a product to the cart verify order lines",
              "timedOut": null,
              "duration": 355,
              "state": "passed",
              "speed": "fast",
              "pass": true,
              "fail": false,
              "pending": false,
              "context": null,
              "code": "cy.request({\n  method: 'GET',\n  url: 'http://localhost:8081/orders',\n  headers: {\n    Authorization: `Bearer ${authToken}`\n  }\n}).then(response => {\n  expect(response.status).to.eq(200);\n  response.body.orderLines.forEach(orderLine => {\n    if (orderLine.product.id === 5) {\n      expect(orderLine.quantity).to.be.equal(1);\n    }\n  });\n});",
              "err": {},
              "uuid": "1a8512dd-fcf7-41f8-a1e5-6e7ad7f58bfd",
              "parentUUID": "d8970078-f568-4878-9d66-67f21f0d27d3",
              "isHook": false,
              "skipped": false
            }
          ],
          "suites": [],
          "passes": [
            "58bfb4b3-b7ba-48ec-bd36-a5c3376d10bd",
            "7a013e1f-e2ef-4820-9a0a-d61f897dd70c",
            "b7e311da-8855-44a8-baad-42773f08e54e",
            "3da283bb-7f04-4a1c-94c4-b01707d64d02",
            "1a8512dd-fcf7-41f8-a1e5-6e7ad7f58bfd"
          ],
          "failures": [],
          "pending": [],
          "skipped": [],
          "duration": 13767,
          "root": false,
          "rootEmpty": false,
          "_timeout": 2000
        }
      ],
      "passes": [],
      "failures": [],
      "pending": [],
      "skipped": [],
      "duration": 0,
      "root": true,
      "rootEmpty": true,
      "_timeout": 2000
    }
  ],
  "meta": {
    "mocha": {
      "version": "7.0.1"
    },
    "mochawesome": {
      "options": {
        "quiet": false,
        "reportFilename": "mochawesome",
        "saveHtml": false,
        "saveJson": true,
        "consoleReporter": "spec",
        "useInlineDiffs": false,
        "code": true
      },
      "version": "7.1.3"
    },
    "marge": {
      "options": {
        "reportDir": "cypress/report/mochawesome-report",
        "overwrite": false,
        "html": false,
        "json": true,
        "charts": true
      },
      "version": "6.2.0"
    }
  }
}