{
  "stats": {
    "suites": 1,
    "tests": 2,
    "passes": 2,
    "pending": 0,
    "failures": 0,
    "start": "2024-02-16T21:37:07.075Z",
    "end": "2024-02-16T21:37:09.782Z",
    "duration": 2707,
    "testsRegistered": 2,
    "passPercent": 100,
    "pendingPercent": 0,
    "other": 0,
    "hasOther": false,
    "skipped": 0,
    "hasSkipped": false
  },
  "results": [
    {
      "uuid": "8c60c299-a9b0-4128-bcd0-e75041659556",
      "title": "",
      "fullFile": "cypress\\e2e\\API\\login_api.cy.js",
      "file": "cypress\\e2e\\API\\login_api.cy.js",
      "beforeHooks": [],
      "afterHooks": [],
      "tests": [],
      "suites": [
        {
          "uuid": "96fc729b-7b7e-4648-aa17-a0ec0d7455d0",
          "title": "login page with api",
          "fullFile": "",
          "file": "",
          "beforeHooks": [],
          "afterHooks": [],
          "tests": [
            {
              "title": "login test true",
              "fullTitle": "login page with api login test true",
              "timedOut": null,
              "duration": 1766,
              "state": "passed",
              "speed": "fast",
              "pass": true,
              "fail": false,
              "pending": false,
              "context": null,
              "code": "cy.request({\n  method: 'POST',\n  url: 'http://localhost:8081/login',\n  body: {\n    username: 'test2@test.fr',\n    password: 'testtest'\n  }\n}).then(response => {\n  expect(response.status).to.eq(200);\n  expect(response.body).to.have.property('token');\n  authToken = response.body.token;\n});",
              "err": {},
              "uuid": "3d4113d1-337e-4cd2-8e47-94c1616a1caa",
              "parentUUID": "96fc729b-7b7e-4648-aa17-a0ec0d7455d0",
              "isHook": false,
              "skipped": false
            },
            {
              "title": "login test false",
              "fullTitle": "login page with api login test false",
              "timedOut": null,
              "duration": 831,
              "state": "passed",
              "speed": "fast",
              "pass": true,
              "fail": false,
              "pending": false,
              "context": null,
              "code": "cy.request({\n  method: 'POST',\n  url: 'http://localhost:8081/login',\n  body: {\n    username: 'test2@test.fr',\n    password: '1234'\n  },\n  failOnStatusCode: false\n}).then(response => {\n  expect(response.status).to.eq(401);\n});",
              "err": {},
              "uuid": "145b3342-3849-4f50-9362-424060883b83",
              "parentUUID": "96fc729b-7b7e-4648-aa17-a0ec0d7455d0",
              "isHook": false,
              "skipped": false
            }
          ],
          "suites": [],
          "passes": [
            "3d4113d1-337e-4cd2-8e47-94c1616a1caa",
            "145b3342-3849-4f50-9362-424060883b83"
          ],
          "failures": [],
          "pending": [],
          "skipped": [],
          "duration": 2597,
          "root": false,
          "rootEmpty": false,
          "_timeout": 2000
        }
      ],
      "passes": [],
      "failures": [],
      "pending": [],
      "skipped": [],
      "duration": 0,
      "root": true,
      "rootEmpty": true,
      "_timeout": 2000
    }
  ],
  "meta": {
    "mocha": {
      "version": "7.0.1"
    },
    "mochawesome": {
      "options": {
        "quiet": false,
        "reportFilename": "mochawesome",
        "saveHtml": false,
        "saveJson": true,
        "consoleReporter": "spec",
        "useInlineDiffs": false,
        "code": true
      },
      "version": "7.1.3"
    },
    "marge": {
      "options": {
        "reportDir": "cypress/report/mochawesome-report",
        "overwrite": false,
        "html": false,
        "json": true,
        "charts": true
      },
      "version": "6.2.0"
    }
  }
}