{
  "stats": {
    "suites": 1,
    "tests": 5,
    "passes": 5,
    "pending": 0,
    "failures": 0,
    "start": "2024-02-16T21:39:07.884Z",
    "end": "2024-02-16T21:39:31.227Z",
    "duration": 23343,
    "testsRegistered": 5,
    "passPercent": 100,
    "pendingPercent": 0,
    "other": 0,
    "hasOther": false,
    "skipped": 0,
    "hasSkipped": false
  },
  "results": [
    {
      "uuid": "a9653974-0500-468e-a9af-8b917003fc69",
      "title": "",
      "fullFile": "cypress\\e2e\\SCENARIO\\cart_1p4q.cy.js",
      "file": "cypress\\e2e\\SCENARIO\\cart_1p4q.cy.js",
      "beforeHooks": [],
      "afterHooks": [],
      "tests": [],
      "suites": [
        {
          "uuid": "c114872e-d8ea-4f16-98fa-8fd250f5160e",
          "title": "adding a product to the cart",
          "fullFile": "",
          "file": "",
          "beforeHooks": [],
          "afterHooks": [],
          "tests": [
            {
              "title": "login test true",
              "fullTitle": "adding a product to the cart login test true",
              "timedOut": null,
              "duration": 1227,
              "state": "passed",
              "speed": "fast",
              "pass": true,
              "fail": false,
              "pending": false,
              "context": null,
              "code": "cy.request({\n  method: 'POST',\n  url: 'http://localhost:8081/login',\n  body: {\n    username: 'test2@test.fr',\n    password: 'testtest'\n  }\n}).then(response => {\n  expect(response.status).to.eq(200);\n  expect(response.body).to.have.property('token');\n  authToken = response.body.token;\n});",
              "err": {},
              "uuid": "cc42cda9-7fca-4d2b-a62f-e7c86a133c4c",
              "parentUUID": "c114872e-d8ea-4f16-98fa-8fd250f5160e",
              "isHook": false,
              "skipped": false
            },
            {
              "title": "verify order lines",
              "fullTitle": "adding a product to the cart verify order lines",
              "timedOut": null,
              "duration": 1890,
              "state": "passed",
              "speed": "fast",
              "pass": true,
              "fail": false,
              "pending": false,
              "context": null,
              "code": "cy.request({\n  method: 'GET',\n  url: 'http://localhost:8081/orders',\n  headers: {\n    Authorization: `Bearer ${authToken}`\n  }\n}).then(response => {\n  expect(response.status).to.eq(200);\n  orderLines = response.body.orderLines;\n  orderLines.forEach(line => {\n    cy.request({\n      method: 'DELETE',\n      url: 'http://localhost:8081/orders/' + line.id + '/delete',\n      headers: {\n        Authorization: `Bearer ${authToken}`\n      }\n    });\n  });\n});",
              "err": {},
              "uuid": "c50b8c9c-4bba-4dae-8d53-1f91704ea2ff",
              "parentUUID": "c114872e-d8ea-4f16-98fa-8fd250f5160e",
              "isHook": false,
              "skipped": false
            },
            {
              "title": "adding a product to the cart",
              "fullTitle": "adding a product to the cart adding a product to the cart",
              "timedOut": null,
              "duration": 14004,
              "state": "passed",
              "speed": "slow",
              "pass": true,
              "fail": false,
              "pending": false,
              "context": null,
              "code": "(0, _connection.connexion)();\n//On va sur la page des produits pour en sélectionner un\ncy.get('[data-cy=\"nav-link-products\"]').click();\ncy.get('button').eq(2).should('contain', 'Consulter').click();\n//On vérifie la quantité en stock avant ajout au panier\ncy.wait(1000);\ncy.get('[data-cy=\"detail-product-stock\"]').invoke('text').then(qttAvant => {\n  stockAvant = parseInt(qttAvant.split(' ')[0]);\n});\n//On ajoute au panier plusieurs quantités d'un même produit  \ncy.get('[data-cy=\"detail-product-quantity\"]').click();\ncy.get('[data-cy=\"detail-product-quantity\"]').clear();\ncy.get('[data-cy=\"detail-product-quantity\"]').type('4');\ncy.get('[data-cy=\"detail-product-add\"]').click();\n//On va sur le panier vérifier que le produit a bien été ajouté \ncy.get('[data-cy=\"nav-link-cart\"]').click();\ncy.contains('Vos informations').should('exist');\ncy.contains('Poussière de lune').should('be.visible');\ncy.get('[data-cy=\"cart-line-quantity\"]').invoke('val').then(qttCart => {\n  stockCart = parseInt(qttCart.split(' ')[0]);\n});\n//On retourne sur la page du produit pour vérifier que la quantité a bien diminué    \ncy.get('[data-cy=\"nav-link-products\"]').click();\ncy.get('button').eq(2).should('contain', 'Consulter').click();\ncy.wait(1000);\ncy.get('[data-cy=\"detail-product-stock\"]').invoke('text').then(qttApres => {\n  stockApres = parseInt(qttApres.split(' ')[0]);\n  expect(stockApres + stockCart).to.equal(stockAvant);\n});",
              "err": {},
              "uuid": "c2d8f250-e5d1-43a8-b5ef-b6efde6b18d3",
              "parentUUID": "c114872e-d8ea-4f16-98fa-8fd250f5160e",
              "isHook": false,
              "skipped": false
            },
            {
              "title": "login test true",
              "fullTitle": "adding a product to the cart login test true",
              "timedOut": null,
              "duration": 860,
              "state": "passed",
              "speed": "fast",
              "pass": true,
              "fail": false,
              "pending": false,
              "context": null,
              "code": "cy.request({\n  method: 'POST',\n  url: 'http://localhost:8081/login',\n  body: {\n    username: 'test2@test.fr',\n    password: 'testtest'\n  }\n}).then(response => {\n  expect(response.status).to.eq(200);\n  expect(response.body).to.have.property('token');\n  authToken = response.body.token;\n});",
              "err": {},
              "uuid": "35a02a1e-c6d9-4db1-b667-f0d41f14347a",
              "parentUUID": "c114872e-d8ea-4f16-98fa-8fd250f5160e",
              "isHook": false,
              "skipped": false
            },
            {
              "title": "verify order lines",
              "fullTitle": "adding a product to the cart verify order lines",
              "timedOut": null,
              "duration": 312,
              "state": "passed",
              "speed": "fast",
              "pass": true,
              "fail": false,
              "pending": false,
              "context": null,
              "code": "cy.request({\n  method: 'GET',\n  url: 'http://localhost:8081/orders',\n  headers: {\n    Authorization: `Bearer ${authToken}`\n  }\n}).then(response => {\n  expect(response.status).to.eq(200);\n  response.body.orderLines.forEach(orderLine => {\n    if (orderLine.product.id === 5) {\n      expect(orderLine.quantity).to.be.equal(4);\n    }\n  });\n});",
              "err": {},
              "uuid": "c3d6ba49-9ed9-4a55-802e-fabb2805bcf7",
              "parentUUID": "c114872e-d8ea-4f16-98fa-8fd250f5160e",
              "isHook": false,
              "skipped": false
            }
          ],
          "suites": [],
          "passes": [
            "cc42cda9-7fca-4d2b-a62f-e7c86a133c4c",
            "c50b8c9c-4bba-4dae-8d53-1f91704ea2ff",
            "c2d8f250-e5d1-43a8-b5ef-b6efde6b18d3",
            "35a02a1e-c6d9-4db1-b667-f0d41f14347a",
            "c3d6ba49-9ed9-4a55-802e-fabb2805bcf7"
          ],
          "failures": [],
          "pending": [],
          "skipped": [],
          "duration": 18293,
          "root": false,
          "rootEmpty": false,
          "_timeout": 2000
        }
      ],
      "passes": [],
      "failures": [],
      "pending": [],
      "skipped": [],
      "duration": 0,
      "root": true,
      "rootEmpty": true,
      "_timeout": 2000
    }
  ],
  "meta": {
    "mocha": {
      "version": "7.0.1"
    },
    "mochawesome": {
      "options": {
        "quiet": false,
        "reportFilename": "mochawesome",
        "saveHtml": false,
        "saveJson": true,
        "consoleReporter": "spec",
        "useInlineDiffs": false,
        "code": true
      },
      "version": "7.1.3"
    },
    "marge": {
      "options": {
        "reportDir": "cypress/report/mochawesome-report",
        "overwrite": false,
        "html": false,
        "json": true,
        "charts": true
      },
      "version": "6.2.0"
    }
  }
}